{
  "/Users/vatsal/Documents/Github-local/comphy-lab.github.io/assets/js/command-data.js": {
    "path": "/Users/vatsal/Documents/Github-local/comphy-lab.github.io/assets/js/command-data.js",
    "statementMap": {
      "0": {
        "start": { "line": 3, "column": 0 },
        "end": { "line": 607, "column": 5 }
      },
      "1": {
        "start": { "line": 7, "column": 2 },
        "end": { "line": 166, "column": 4 }
      },
      "2": {
        "start": { "line": 13, "column": 8 },
        "end": { "line": 13, "column": 35 }
      },
      "3": {
        "start": { "line": 22, "column": 8 },
        "end": { "line": 22, "column": 40 }
      },
      "4": {
        "start": { "line": 31, "column": 8 },
        "end": { "line": 31, "column": 43 }
      },
      "5": {
        "start": { "line": 40, "column": 8 },
        "end": { "line": 40, "column": 43 }
      },
      "6": {
        "start": { "line": 49, "column": 8 },
        "end": { "line": 49, "column": 39 }
      },
      "7": {
        "start": { "line": 58, "column": 8 },
        "end": { "line": 58, "column": 63 }
      },
      "8": {
        "start": { "line": 68, "column": 8 },
        "end": { "line": 68, "column": 30 }
      },
      "9": {
        "start": { "line": 77, "column": 8 },
        "end": { "line": 77, "column": 33 }
      },
      "10": {
        "start": { "line": 88, "column": 8 },
        "end": { "line": 88, "column": 63 }
      },
      "11": {
        "start": { "line": 98, "column": 8 },
        "end": { "line": 101, "column": 10 }
      },
      "12": {
        "start": { "line": 111, "column": 8 },
        "end": { "line": 111, "column": 68 }
      },
      "13": {
        "start": { "line": 121, "column": 8 },
        "end": { "line": 121, "column": 73 }
      },
      "14": {
        "start": { "line": 133, "column": 8 },
        "end": { "line": 133, "column": 56 }
      },
      "15": {
        "start": { "line": 142, "column": 8 },
        "end": { "line": 145, "column": 11 }
      },
      "16": {
        "start": { "line": 157, "column": 8 },
        "end": { "line": 160, "column": 10 }
      },
      "17": {
        "start": { "line": 171, "column": 2 },
        "end": { "line": 253, "column": 4 }
      },
      "18": {
        "start": { "line": 174, "column": 18 },
        "end": { "line": 174, "column": 47 }
      },
      "19": {
        "start": { "line": 175, "column": 4 },
        "end": { "line": 175, "column": 35 }
      },
      "20": {
        "start": { "line": 176, "column": 4 },
        "end": { "line": 176, "column": 26 }
      },
      "21": {
        "start": { "line": 177, "column": 4 },
        "end": { "line": 177, "column": 27 }
      },
      "22": {
        "start": { "line": 178, "column": 4 },
        "end": { "line": 178, "column": 31 }
      },
      "23": {
        "start": { "line": 179, "column": 4 },
        "end": { "line": 179, "column": 32 }
      },
      "24": {
        "start": { "line": 180, "column": 4 },
        "end": { "line": 180, "column": 55 }
      },
      "25": {
        "start": { "line": 181, "column": 4 },
        "end": { "line": 181, "column": 32 }
      },
      "26": {
        "start": { "line": 182, "column": 4 },
        "end": { "line": 182, "column": 33 }
      },
      "27": {
        "start": { "line": 183, "column": 4 },
        "end": { "line": 183, "column": 42 }
      },
      "28": {
        "start": { "line": 184, "column": 4 },
        "end": { "line": 184, "column": 38 }
      },
      "29": {
        "start": { "line": 186, "column": 20 },
        "end": { "line": 186, "column": 49 }
      },
      "30": {
        "start": { "line": 187, "column": 4 },
        "end": { "line": 187, "column": 44 }
      },
      "31": {
        "start": { "line": 188, "column": 4 },
        "end": { "line": 188, "column": 39 }
      },
      "32": {
        "start": { "line": 189, "column": 4 },
        "end": { "line": 189, "column": 35 }
      },
      "33": {
        "start": { "line": 190, "column": 4 },
        "end": { "line": 190, "column": 37 }
      },
      "34": {
        "start": { "line": 191, "column": 4 },
        "end": { "line": 191, "column": 37 }
      },
      "35": {
        "start": { "line": 192, "column": 4 },
        "end": { "line": 192, "column": 36 }
      },
      "36": {
        "start": { "line": 193, "column": 4 },
        "end": { "line": 193, "column": 62 }
      },
      "37": {
        "start": { "line": 196, "column": 4 },
        "end": { "line": 202, "column": 5 }
      },
      "38": {
        "start": { "line": 200, "column": 6 },
        "end": { "line": 200, "column": 45 }
      },
      "39": {
        "start": { "line": 201, "column": 6 },
        "end": { "line": 201, "column": 35 }
      },
      "40": {
        "start": { "line": 205, "column": 21 },
        "end": { "line": 205, "column": 23 }
      },
      "41": {
        "start": { "line": 206, "column": 4 },
        "end": { "line": 211, "column": 7 }
      },
      "42": {
        "start": { "line": 207, "column": 6 },
        "end": { "line": 209, "column": 7 }
      },
      "43": {
        "start": { "line": 208, "column": 8 },
        "end": { "line": 208, "column": 39 }
      },
      "44": {
        "start": { "line": 210, "column": 6 },
        "end": { "line": 210, "column": 46 }
      },
      "45": {
        "start": { "line": 213, "column": 15 },
        "end": { "line": 213, "column": 59 }
      },
      "46": {
        "start": { "line": 214, "column": 4 },
        "end": { "line": 214, "column": 74 }
      },
      "47": {
        "start": { "line": 217, "column": 4 },
        "end": { "line": 230, "column": 7 }
      },
      "48": {
        "start": { "line": 218, "column": 6 },
        "end": { "line": 218, "column": 36 }
      },
      "49": {
        "start": { "line": 219, "column": 6 },
        "end": { "line": 219, "column": 74 }
      },
      "50": {
        "start": { "line": 220, "column": 6 },
        "end": { "line": 221, "column": 109 }
      },
      "51": {
        "start": { "line": 223, "column": 6 },
        "end": { "line": 227, "column": 9 }
      },
      "52": {
        "start": { "line": 224, "column": 8 },
        "end": { "line": 226, "column": 15 }
      },
      "53": {
        "start": { "line": 229, "column": 6 },
        "end": { "line": 229, "column": 25 }
      },
      "54": {
        "start": { "line": 233, "column": 4 },
        "end": { "line": 234, "column": 239 }
      },
      "55": {
        "start": { "line": 236, "column": 4 },
        "end": { "line": 236, "column": 29 }
      },
      "56": {
        "start": { "line": 237, "column": 4 },
        "end": { "line": 237, "column": 31 }
      },
      "57": {
        "start": { "line": 238, "column": 4 },
        "end": { "line": 238, "column": 37 }
      },
      "58": {
        "start": { "line": 241, "column": 4 },
        "end": { "line": 245, "column": 9 }
      },
      "59": {
        "start": { "line": 244, "column": 8 },
        "end": { "line": 244, "column": 41 }
      },
      "60": {
        "start": { "line": 248, "column": 4 },
        "end": { "line": 252, "column": 7 }
      },
      "61": {
        "start": { "line": 249, "column": 6 },
        "end": { "line": 251, "column": 7 }
      },
      "62": {
        "start": { "line": 250, "column": 8 },
        "end": { "line": 250, "column": 41 }
      },
      "63": {
        "start": { "line": 256, "column": 2 },
        "end": { "line": 366, "column": 4 }
      },
      "64": {
        "start": { "line": 258, "column": 4 },
        "end": { "line": 260, "column": 5 }
      },
      "65": {
        "start": { "line": 259, "column": 6 },
        "end": { "line": 259, "column": 16 }
      },
      "66": {
        "start": { "line": 264, "column": 4 },
        "end": { "line": 363, "column": 5 }
      },
      "67": {
        "start": { "line": 266, "column": 6 },
        "end": { "line": 317, "column": 7 }
      },
      "68": {
        "start": { "line": 268, "column": 8 },
        "end": { "line": 282, "column": 9 }
      },
      "69": {
        "start": { "line": 269, "column": 10 },
        "end": { "line": 278, "column": 13 }
      },
      "70": {
        "start": { "line": 280, "column": 10 },
        "end": { "line": 280, "column": 60 }
      },
      "71": {
        "start": { "line": 281, "column": 10 },
        "end": { "line": 281, "column": 20 }
      },
      "72": {
        "start": { "line": 283, "column": 13 },
        "end": { "line": 317, "column": 7 }
      },
      "73": {
        "start": { "line": 285, "column": 8 },
        "end": { "line": 316, "column": 9 }
      },
      "74": {
        "start": { "line": 286, "column": 27 },
        "end": { "line": 286, "column": 67 }
      },
      "75": {
        "start": { "line": 287, "column": 10 },
        "end": { "line": 312, "column": 11 }
      },
      "76": {
        "start": { "line": 288, "column": 12 },
        "end": { "line": 308, "column": 13 }
      },
      "77": {
        "start": { "line": 289, "column": 33 },
        "end": { "line": 289, "column": 54 }
      },
      "78": {
        "start": { "line": 290, "column": 14 },
        "end": { "line": 293, "column": 15 }
      },
      "79": {
        "start": { "line": 291, "column": 16 },
        "end": { "line": 291, "column": 67 }
      },
      "80": {
        "start": { "line": 292, "column": 16 },
        "end": { "line": 292, "column": 26 }
      },
      "81": {
        "start": { "line": 294, "column": 14 },
        "end": { "line": 294, "column": 45 }
      },
      "82": {
        "start": { "line": 295, "column": 14 },
        "end": { "line": 304, "column": 17 }
      },
      "83": {
        "start": { "line": 306, "column": 14 },
        "end": { "line": 306, "column": 70 }
      },
      "84": {
        "start": { "line": 307, "column": 14 },
        "end": { "line": 307, "column": 24 }
      },
      "85": {
        "start": { "line": 310, "column": 12 },
        "end": { "line": 310, "column": 74 }
      },
      "86": {
        "start": { "line": 311, "column": 12 },
        "end": { "line": 311, "column": 22 }
      },
      "87": {
        "start": { "line": 314, "column": 10 },
        "end": { "line": 314, "column": 61 }
      },
      "88": {
        "start": { "line": 315, "column": 10 },
        "end": { "line": 315, "column": 20 }
      },
      "89": {
        "start": { "line": 320, "column": 6 },
        "end": { "line": 360, "column": 7 }
      },
      "90": {
        "start": { "line": 321, "column": 8 },
        "end": { "line": 359, "column": 9 }
      },
      "91": {
        "start": { "line": 322, "column": 26 },
        "end": { "line": 322, "column": 57 }
      },
      "92": {
        "start": { "line": 326, "column": 32 },
        "end": { "line": 337, "column": 12 }
      },
      "93": {
        "start": { "line": 328, "column": 30 },
        "end": { "line": 328, "column": 50 }
      },
      "94": {
        "start": { "line": 329, "column": 30 },
        "end": { "line": 329, "column": 50 }
      },
      "95": {
        "start": { "line": 331, "column": 12 },
        "end": { "line": 333, "column": 13 }
      },
      "96": {
        "start": { "line": 332, "column": 14 },
        "end": { "line": 332, "column": 43 }
      },
      "97": {
        "start": { "line": 336, "column": 12 },
        "end": { "line": 336, "column": 37 }
      },
      "98": {
        "start": { "line": 340, "column": 10 },
        "end": { "line": 355, "column": 14 }
      },
      "99": {
        "start": { "line": 340, "column": 60 },
        "end": { "line": 355, "column": 11 }
      },
      "100": {
        "start": { "line": 344, "column": 14 },
        "end": { "line": 346, "column": 15 }
      },
      "101": {
        "start": { "line": 345, "column": 16 },
        "end": { "line": 345, "column": 55 }
      },
      "102": {
        "start": { "line": 357, "column": 10 },
        "end": { "line": 357, "column": 65 }
      },
      "103": {
        "start": { "line": 358, "column": 10 },
        "end": { "line": 358, "column": 20 }
      },
      "104": {
        "start": { "line": 362, "column": 6 },
        "end": { "line": 362, "column": 52 }
      },
      "105": {
        "start": { "line": 365, "column": 4 },
        "end": { "line": 365, "column": 14 }
      },
      "106": {
        "start": { "line": 369, "column": 2 },
        "end": { "line": 601, "column": 4 }
      },
      "107": {
        "start": { "line": 371, "column": 24 },
        "end": { "line": 371, "column": 48 }
      },
      "108": {
        "start": { "line": 372, "column": 26 },
        "end": { "line": 372, "column": 28 }
      },
      "109": {
        "start": { "line": 375, "column": 4 },
        "end": { "line": 594, "column": 5 }
      },
      "110": {
        "start": { "line": 376, "column": 6 },
        "end": { "line": 562, "column": 8 }
      },
      "111": {
        "start": { "line": 382, "column": 26 },
        "end": { "line": 382, "column": 55 }
      },
      "112": {
        "start": { "line": 383, "column": 12 },
        "end": { "line": 383, "column": 43 }
      },
      "113": {
        "start": { "line": 384, "column": 12 },
        "end": { "line": 384, "column": 34 }
      },
      "114": {
        "start": { "line": 385, "column": 12 },
        "end": { "line": 385, "column": 35 }
      },
      "115": {
        "start": { "line": 386, "column": 12 },
        "end": { "line": 386, "column": 39 }
      },
      "116": {
        "start": { "line": 387, "column": 12 },
        "end": { "line": 387, "column": 40 }
      },
      "117": {
        "start": { "line": 388, "column": 12 },
        "end": { "line": 388, "column": 63 }
      },
      "118": {
        "start": { "line": 389, "column": 12 },
        "end": { "line": 389, "column": 40 }
      },
      "119": {
        "start": { "line": 390, "column": 12 },
        "end": { "line": 390, "column": 41 }
      },
      "120": {
        "start": { "line": 391, "column": 12 },
        "end": { "line": 391, "column": 50 }
      },
      "121": {
        "start": { "line": 392, "column": 12 },
        "end": { "line": 392, "column": 46 }
      },
      "122": {
        "start": { "line": 394, "column": 28 },
        "end": { "line": 394, "column": 57 }
      },
      "123": {
        "start": { "line": 395, "column": 12 },
        "end": { "line": 395, "column": 52 }
      },
      "124": {
        "start": { "line": 396, "column": 12 },
        "end": { "line": 396, "column": 47 }
      },
      "125": {
        "start": { "line": 397, "column": 12 },
        "end": { "line": 397, "column": 43 }
      },
      "126": {
        "start": { "line": 398, "column": 12 },
        "end": { "line": 398, "column": 45 }
      },
      "127": {
        "start": { "line": 399, "column": 12 },
        "end": { "line": 399, "column": 45 }
      },
      "128": {
        "start": { "line": 400, "column": 12 },
        "end": { "line": 400, "column": 44 }
      },
      "129": {
        "start": { "line": 401, "column": 12 },
        "end": { "line": 401, "column": 70 }
      },
      "130": {
        "start": { "line": 402, "column": 12 },
        "end": { "line": 402, "column": 51 }
      },
      "131": {
        "start": { "line": 405, "column": 12 },
        "end": { "line": 411, "column": 13 }
      },
      "132": {
        "start": { "line": 409, "column": 14 },
        "end": { "line": 409, "column": 53 }
      },
      "133": {
        "start": { "line": 410, "column": 14 },
        "end": { "line": 410, "column": 43 }
      },
      "134": {
        "start": { "line": 414, "column": 32 },
        "end": { "line": 414, "column": 70 }
      },
      "135": {
        "start": { "line": 415, "column": 25 },
        "end": { "line": 415, "column": 34 }
      },
      "136": {
        "start": { "line": 416, "column": 12 },
        "end": { "line": 418, "column": 15 }
      },
      "137": {
        "start": { "line": 417, "column": 14 },
        "end": { "line": 417, "column": 40 }
      },
      "138": {
        "start": { "line": 420, "column": 23 },
        "end": { "line": 420, "column": 81 }
      },
      "139": {
        "start": { "line": 421, "column": 12 },
        "end": { "line": 422, "column": 122 }
      },
      "140": {
        "start": { "line": 425, "column": 12 },
        "end": { "line": 427, "column": 15 }
      },
      "141": {
        "start": { "line": 426, "column": 14 },
        "end": { "line": 426, "column": 203 }
      },
      "142": {
        "start": { "line": 429, "column": 12 },
        "end": { "line": 429, "column": 29 }
      },
      "143": {
        "start": { "line": 432, "column": 12 },
        "end": { "line": 436, "column": 20 }
      },
      "144": {
        "start": { "line": 439, "column": 12 },
        "end": { "line": 440, "column": 240 }
      },
      "145": {
        "start": { "line": 442, "column": 12 },
        "end": { "line": 442, "column": 37 }
      },
      "146": {
        "start": { "line": 443, "column": 12 },
        "end": { "line": 443, "column": 39 }
      },
      "147": {
        "start": { "line": 444, "column": 12 },
        "end": { "line": 444, "column": 45 }
      },
      "148": {
        "start": { "line": 447, "column": 31 },
        "end": { "line": 447, "column": 74 }
      },
      "149": {
        "start": { "line": 448, "column": 38 },
        "end": { "line": 448, "column": 39 }
      },
      "150": {
        "start": { "line": 451, "column": 41 },
        "end": { "line": 470, "column": 13 }
      },
      "151": {
        "start": { "line": 453, "column": 14 },
        "end": { "line": 456, "column": 17 }
      },
      "152": {
        "start": { "line": 454, "column": 16 },
        "end": { "line": 454, "column": 43 }
      },
      "153": {
        "start": { "line": 455, "column": 16 },
        "end": { "line": 455, "column": 45 }
      },
      "154": {
        "start": { "line": 459, "column": 14 },
        "end": { "line": 469, "column": 15 }
      },
      "155": {
        "start": { "line": 460, "column": 16 },
        "end": { "line": 460, "column": 71 }
      },
      "156": {
        "start": { "line": 461, "column": 16 },
        "end": { "line": 462, "column": 53 }
      },
      "157": {
        "start": { "line": 465, "column": 16 },
        "end": { "line": 468, "column": 19 }
      },
      "158": {
        "start": { "line": 473, "column": 12 },
        "end": { "line": 475, "column": 13 }
      },
      "159": {
        "start": { "line": 474, "column": 14 },
        "end": { "line": 474, "column": 56 }
      },
      "160": {
        "start": { "line": 478, "column": 12 },
        "end": { "line": 499, "column": 15 }
      },
      "161": {
        "start": { "line": 480, "column": 14 },
        "end": { "line": 483, "column": 17 }
      },
      "162": {
        "start": { "line": 481, "column": 16 },
        "end": { "line": 481, "column": 44 }
      },
      "163": {
        "start": { "line": 482, "column": 16 },
        "end": { "line": 482, "column": 58 }
      },
      "164": {
        "start": { "line": 485, "column": 14 },
        "end": { "line": 498, "column": 17 }
      },
      "165": {
        "start": { "line": 487, "column": 32 },
        "end": { "line": 487, "column": 47 }
      },
      "166": {
        "start": { "line": 488, "column": 36 },
        "end": { "line": 490, "column": 60 }
      },
      "167": {
        "start": { "line": 490, "column": 32 },
        "end": { "line": 490, "column": 59 }
      },
      "168": {
        "start": { "line": 492, "column": 16 },
        "end": { "line": 497, "column": 17 }
      },
      "169": {
        "start": { "line": 494, "column": 18 },
        "end": { "line": 494, "column": 51 }
      },
      "170": {
        "start": { "line": 496, "column": 18 },
        "end": { "line": 496, "column": 38 }
      },
      "171": {
        "start": { "line": 502, "column": 12 },
        "end": { "line": 540, "column": 15 }
      },
      "172": {
        "start": { "line": 503, "column": 33 },
        "end": { "line": 503, "column": 34 }
      },
      "173": {
        "start": { "line": 504, "column": 33 },
        "end": { "line": 504, "column": 50 }
      },
      "174": {
        "start": { "line": 506, "column": 14 },
        "end": { "line": 539, "column": 15 }
      },
      "175": {
        "start": { "line": 508, "column": 16 },
        "end": { "line": 508, "column": 49 }
      },
      "176": {
        "start": { "line": 509, "column": 21 },
        "end": { "line": 539, "column": 15 }
      },
      "177": {
        "start": { "line": 511, "column": 16 },
        "end": { "line": 513, "column": 17 }
      },
      "178": {
        "start": { "line": 512, "column": 18 },
        "end": { "line": 512, "column": 58 }
      },
      "179": {
        "start": { "line": 514, "column": 21 },
        "end": { "line": 539, "column": 15 }
      },
      "180": {
        "start": { "line": 515, "column": 16 },
        "end": { "line": 515, "column": 35 }
      },
      "181": {
        "start": { "line": 516, "column": 16 },
        "end": { "line": 516, "column": 77 }
      },
      "182": {
        "start": { "line": 517, "column": 16 },
        "end": { "line": 517, "column": 58 }
      },
      "183": {
        "start": { "line": 518, "column": 21 },
        "end": { "line": 539, "column": 15 }
      },
      "184": {
        "start": { "line": 519, "column": 16 },
        "end": { "line": 519, "column": 35 }
      },
      "185": {
        "start": { "line": 520, "column": 16 },
        "end": { "line": 521, "column": 70 }
      },
      "186": {
        "start": { "line": 522, "column": 16 },
        "end": { "line": 522, "column": 58 }
      },
      "187": {
        "start": { "line": 523, "column": 21 },
        "end": { "line": 539, "column": 15 }
      },
      "188": {
        "start": { "line": 524, "column": 16 },
        "end": { "line": 524, "column": 35 }
      },
      "189": {
        "start": { "line": 526, "column": 16 },
        "end": { "line": 529, "column": 18 }
      },
      "190": {
        "start": { "line": 530, "column": 16 },
        "end": { "line": 530, "column": 58 }
      },
      "191": {
        "start": { "line": 531, "column": 21 },
        "end": { "line": 539, "column": 15 }
      },
      "192": {
        "start": { "line": 532, "column": 16 },
        "end": { "line": 532, "column": 35 }
      },
      "193": {
        "start": { "line": 534, "column": 16 },
        "end": { "line": 537, "column": 18 }
      },
      "194": {
        "start": { "line": 538, "column": 16 },
        "end": { "line": 538, "column": 58 }
      },
      "195": {
        "start": { "line": 543, "column": 12 },
        "end": { "line": 547, "column": 17 }
      },
      "196": {
        "start": { "line": 546, "column": 16 },
        "end": { "line": 546, "column": 49 }
      },
      "197": {
        "start": { "line": 550, "column": 12 },
        "end": { "line": 554, "column": 15 }
      },
      "198": {
        "start": { "line": 551, "column": 14 },
        "end": { "line": 553, "column": 15 }
      },
      "199": {
        "start": { "line": 552, "column": 16 },
        "end": { "line": 552, "column": 49 }
      },
      "200": {
        "start": { "line": 557, "column": 12 },
        "end": { "line": 557, "column": 28 }
      },
      "201": {
        "start": { "line": 565, "column": 9 },
        "end": { "line": 594, "column": 5 }
      },
      "202": {
        "start": { "line": 566, "column": 6 },
        "end": { "line": 576, "column": 8 }
      },
      "203": {
        "start": { "line": 571, "column": 12 },
        "end": { "line": 571, "column": 43 }
      },
      "204": {
        "start": { "line": 579, "column": 9 },
        "end": { "line": 594, "column": 5 }
      },
      "205": {
        "start": { "line": 580, "column": 6 },
        "end": { "line": 593, "column": 8 }
      },
      "206": {
        "start": { "line": 586, "column": 12 },
        "end": { "line": 588, "column": 13 }
      },
      "207": {
        "start": { "line": 587, "column": 14 },
        "end": { "line": 587, "column": 34 }
      },
      "208": {
        "start": { "line": 597, "column": 4 },
        "end": { "line": 600, "column": 5 }
      },
      "209": {
        "start": { "line": 599, "column": 6 },
        "end": { "line": 599, "column": 71 }
      },
      "210": {
        "start": { "line": 604, "column": 2 },
        "end": { "line": 606, "column": 5 }
      },
      "211": {
        "start": { "line": 605, "column": 4 },
        "end": { "line": 605, "column": 32 }
      }
    },
    "fnMap": {
      "0": {
        "name": "(anonymous_0)",
        "decl": {
          "start": { "line": 3, "column": 1 },
          "end": { "line": 3, "column": 2 }
        },
        "loc": {
          "start": { "line": 3, "column": 13 },
          "end": { "line": 607, "column": 1 }
        },
        "line": 3
      },
      "1": {
        "name": "(anonymous_1)",
        "decl": {
          "start": { "line": 12, "column": 15 },
          "end": { "line": 12, "column": 16 }
        },
        "loc": {
          "start": { "line": 12, "column": 21 },
          "end": { "line": 14, "column": 7 }
        },
        "line": 12
      },
      "2": {
        "name": "(anonymous_2)",
        "decl": {
          "start": { "line": 21, "column": 15 },
          "end": { "line": 21, "column": 16 }
        },
        "loc": {
          "start": { "line": 21, "column": 21 },
          "end": { "line": 23, "column": 7 }
        },
        "line": 21
      },
      "3": {
        "name": "(anonymous_3)",
        "decl": {
          "start": { "line": 30, "column": 15 },
          "end": { "line": 30, "column": 16 }
        },
        "loc": {
          "start": { "line": 30, "column": 21 },
          "end": { "line": 32, "column": 7 }
        },
        "line": 30
      },
      "4": {
        "name": "(anonymous_4)",
        "decl": {
          "start": { "line": 39, "column": 15 },
          "end": { "line": 39, "column": 16 }
        },
        "loc": {
          "start": { "line": 39, "column": 21 },
          "end": { "line": 41, "column": 7 }
        },
        "line": 39
      },
      "5": {
        "name": "(anonymous_5)",
        "decl": {
          "start": { "line": 48, "column": 15 },
          "end": { "line": 48, "column": 16 }
        },
        "loc": {
          "start": { "line": 48, "column": 21 },
          "end": { "line": 50, "column": 7 }
        },
        "line": 48
      },
      "6": {
        "name": "(anonymous_6)",
        "decl": {
          "start": { "line": 57, "column": 15 },
          "end": { "line": 57, "column": 16 }
        },
        "loc": {
          "start": { "line": 57, "column": 21 },
          "end": { "line": 59, "column": 7 }
        },
        "line": 57
      },
      "7": {
        "name": "(anonymous_7)",
        "decl": {
          "start": { "line": 67, "column": 15 },
          "end": { "line": 67, "column": 16 }
        },
        "loc": {
          "start": { "line": 67, "column": 21 },
          "end": { "line": 69, "column": 7 }
        },
        "line": 67
      },
      "8": {
        "name": "(anonymous_8)",
        "decl": {
          "start": { "line": 76, "column": 15 },
          "end": { "line": 76, "column": 16 }
        },
        "loc": {
          "start": { "line": 76, "column": 21 },
          "end": { "line": 78, "column": 7 }
        },
        "line": 76
      },
      "9": {
        "name": "(anonymous_9)",
        "decl": {
          "start": { "line": 87, "column": 15 },
          "end": { "line": 87, "column": 16 }
        },
        "loc": {
          "start": { "line": 87, "column": 21 },
          "end": { "line": 89, "column": 7 }
        },
        "line": 87
      },
      "10": {
        "name": "(anonymous_10)",
        "decl": {
          "start": { "line": 97, "column": 15 },
          "end": { "line": 97, "column": 16 }
        },
        "loc": {
          "start": { "line": 97, "column": 21 },
          "end": { "line": 102, "column": 7 }
        },
        "line": 97
      },
      "11": {
        "name": "(anonymous_11)",
        "decl": {
          "start": { "line": 110, "column": 15 },
          "end": { "line": 110, "column": 16 }
        },
        "loc": {
          "start": { "line": 110, "column": 21 },
          "end": { "line": 112, "column": 7 }
        },
        "line": 110
      },
      "12": {
        "name": "(anonymous_12)",
        "decl": {
          "start": { "line": 120, "column": 15 },
          "end": { "line": 120, "column": 16 }
        },
        "loc": {
          "start": { "line": 120, "column": 21 },
          "end": { "line": 122, "column": 7 }
        },
        "line": 120
      },
      "13": {
        "name": "(anonymous_13)",
        "decl": {
          "start": { "line": 132, "column": 15 },
          "end": { "line": 132, "column": 16 }
        },
        "loc": {
          "start": { "line": 132, "column": 21 },
          "end": { "line": 134, "column": 7 }
        },
        "line": 132
      },
      "14": {
        "name": "(anonymous_14)",
        "decl": {
          "start": { "line": 141, "column": 15 },
          "end": { "line": 141, "column": 16 }
        },
        "loc": {
          "start": { "line": 141, "column": 21 },
          "end": { "line": 146, "column": 7 }
        },
        "line": 141
      },
      "15": {
        "name": "(anonymous_15)",
        "decl": {
          "start": { "line": 156, "column": 15 },
          "end": { "line": 156, "column": 16 }
        },
        "loc": {
          "start": { "line": 156, "column": 21 },
          "end": { "line": 161, "column": 7 }
        },
        "line": 156
      },
      "16": {
        "name": "(anonymous_16)",
        "decl": {
          "start": { "line": 171, "column": 32 },
          "end": { "line": 171, "column": 33 }
        },
        "loc": {
          "start": { "line": 171, "column": 44 },
          "end": { "line": 253, "column": 3 }
        },
        "line": 171
      },
      "17": {
        "name": "(anonymous_17)",
        "decl": {
          "start": { "line": 206, "column": 31 },
          "end": { "line": 206, "column": 32 }
        },
        "loc": {
          "start": { "line": 206, "column": 44 },
          "end": { "line": 211, "column": 5 }
        },
        "line": 206
      },
      "18": {
        "name": "(anonymous_18)",
        "decl": {
          "start": { "line": 217, "column": 34 },
          "end": { "line": 217, "column": 35 }
        },
        "loc": {
          "start": { "line": 217, "column": 47 },
          "end": { "line": 230, "column": 5 }
        },
        "line": 217
      },
      "19": {
        "name": "(anonymous_19)",
        "decl": {
          "start": { "line": 223, "column": 32 },
          "end": { "line": 223, "column": 33 }
        },
        "loc": {
          "start": { "line": 223, "column": 45 },
          "end": { "line": 227, "column": 7 }
        },
        "line": 223
      },
      "20": {
        "name": "(anonymous_20)",
        "decl": {
          "start": { "line": 243, "column": 33 },
          "end": { "line": 243, "column": 34 }
        },
        "loc": {
          "start": { "line": 243, "column": 39 },
          "end": { "line": 245, "column": 7 }
        },
        "line": 243
      },
      "21": {
        "name": "(anonymous_21)",
        "decl": {
          "start": { "line": 248, "column": 36 },
          "end": { "line": 248, "column": 37 }
        },
        "loc": {
          "start": { "line": 248, "column": 43 },
          "end": { "line": 252, "column": 5 }
        },
        "line": 248
      },
      "22": {
        "name": "(anonymous_22)",
        "decl": {
          "start": { "line": 256, "column": 43 },
          "end": { "line": 256, "column": 44 }
        },
        "loc": {
          "start": { "line": 256, "column": 66 },
          "end": { "line": 366, "column": 3 }
        },
        "line": 256
      },
      "23": {
        "name": "(anonymous_23)",
        "decl": {
          "start": { "line": 326, "column": 45 },
          "end": { "line": 326, "column": 46 }
        },
        "loc": {
          "start": { "line": 326, "column": 55 },
          "end": { "line": 337, "column": 11 }
        },
        "line": 326
      },
      "24": {
        "name": "(anonymous_24)",
        "decl": {
          "start": { "line": 340, "column": 47 },
          "end": { "line": 340, "column": 48 }
        },
        "loc": {
          "start": { "line": 340, "column": 60 },
          "end": { "line": 355, "column": 11 }
        },
        "line": 340
      },
      "25": {
        "name": "(anonymous_25)",
        "decl": {
          "start": { "line": 343, "column": 21 },
          "end": { "line": 343, "column": 22 }
        },
        "loc": {
          "start": { "line": 343, "column": 27 },
          "end": { "line": 347, "column": 13 }
        },
        "line": 343
      },
      "26": {
        "name": "(anonymous_26)",
        "decl": {
          "start": { "line": 369, "column": 30 },
          "end": { "line": 369, "column": 31 }
        },
        "loc": {
          "start": { "line": 369, "column": 42 },
          "end": { "line": 601, "column": 3 }
        },
        "line": 369
      },
      "27": {
        "name": "(anonymous_27)",
        "decl": {
          "start": { "line": 380, "column": 19 },
          "end": { "line": 380, "column": 20 }
        },
        "loc": {
          "start": { "line": 380, "column": 25 },
          "end": { "line": 558, "column": 11 }
        },
        "line": 380
      },
      "28": {
        "name": "(anonymous_28)",
        "decl": {
          "start": { "line": 416, "column": 32 },
          "end": { "line": 416, "column": 33 }
        },
        "loc": {
          "start": { "line": 416, "column": 41 },
          "end": { "line": 418, "column": 13 }
        },
        "line": 416
      },
      "29": {
        "name": "(anonymous_29)",
        "decl": {
          "start": { "line": 425, "column": 25 },
          "end": { "line": 425, "column": 26 }
        },
        "loc": {
          "start": { "line": 425, "column": 34 },
          "end": { "line": 427, "column": 13 }
        },
        "line": 425
      },
      "30": {
        "name": "(anonymous_30)",
        "decl": {
          "start": { "line": 451, "column": 41 },
          "end": { "line": 451, "column": 42 }
        },
        "loc": {
          "start": { "line": 451, "column": 55 },
          "end": { "line": 470, "column": 13 }
        },
        "line": 451
      },
      "31": {
        "name": "(anonymous_31)",
        "decl": {
          "start": { "line": 453, "column": 33 },
          "end": { "line": 453, "column": 34 }
        },
        "loc": {
          "start": { "line": 453, "column": 42 },
          "end": { "line": 456, "column": 15 }
        },
        "line": 453
      },
      "32": {
        "name": "(anonymous_32)",
        "decl": {
          "start": { "line": 478, "column": 31 },
          "end": { "line": 478, "column": 32 }
        },
        "loc": {
          "start": { "line": 478, "column": 47 },
          "end": { "line": 499, "column": 13 }
        },
        "line": 478
      },
      "33": {
        "name": "(anonymous_33)",
        "decl": {
          "start": { "line": 480, "column": 49 },
          "end": { "line": 480, "column": 50 }
        },
        "loc": {
          "start": { "line": 480, "column": 55 },
          "end": { "line": 483, "column": 15 }
        },
        "line": 480
      },
      "34": {
        "name": "(anonymous_34)",
        "decl": {
          "start": { "line": 485, "column": 44 },
          "end": { "line": 485, "column": 45 }
        },
        "loc": {
          "start": { "line": 485, "column": 50 },
          "end": { "line": 498, "column": 15 }
        },
        "line": 485
      },
      "35": {
        "name": "(anonymous_35)",
        "decl": {
          "start": { "line": 490, "column": 23 },
          "end": { "line": 490, "column": 24 }
        },
        "loc": {
          "start": { "line": 490, "column": 32 },
          "end": { "line": 490, "column": 59 }
        },
        "line": 490
      },
      "36": {
        "name": "(anonymous_36)",
        "decl": {
          "start": { "line": 502, "column": 48 },
          "end": { "line": 502, "column": 49 }
        },
        "loc": {
          "start": { "line": 502, "column": 55 },
          "end": { "line": 540, "column": 13 }
        },
        "line": 502
      },
      "37": {
        "name": "(anonymous_37)",
        "decl": {
          "start": { "line": 545, "column": 41 },
          "end": { "line": 545, "column": 42 }
        },
        "loc": {
          "start": { "line": 545, "column": 47 },
          "end": { "line": 547, "column": 15 }
        },
        "line": 545
      },
      "38": {
        "name": "(anonymous_38)",
        "decl": {
          "start": { "line": 550, "column": 44 },
          "end": { "line": 550, "column": 45 }
        },
        "loc": {
          "start": { "line": 550, "column": 51 },
          "end": { "line": 554, "column": 13 }
        },
        "line": 550
      },
      "39": {
        "name": "(anonymous_39)",
        "decl": {
          "start": { "line": 570, "column": 19 },
          "end": { "line": 570, "column": 20 }
        },
        "loc": {
          "start": { "line": 570, "column": 25 },
          "end": { "line": 572, "column": 11 }
        },
        "line": 570
      },
      "40": {
        "name": "(anonymous_40)",
        "decl": {
          "start": { "line": 584, "column": 19 },
          "end": { "line": 584, "column": 20 }
        },
        "loc": {
          "start": { "line": 584, "column": 25 },
          "end": { "line": 589, "column": 11 }
        },
        "line": 584
      },
      "41": {
        "name": "(anonymous_41)",
        "decl": {
          "start": { "line": 604, "column": 48 },
          "end": { "line": 604, "column": 49 }
        },
        "loc": {
          "start": { "line": 604, "column": 60 },
          "end": { "line": 606, "column": 3 }
        },
        "line": 604
      }
    },
    "branchMap": {
      "0": {
        "loc": {
          "start": { "line": 196, "column": 4 },
          "end": { "line": 202, "column": 5 }
        },
        "type": "if",
        "locations": [
          {
            "start": { "line": 196, "column": 4 },
            "end": { "line": 202, "column": 5 }
          },
          { "start": {}, "end": {} }
        ],
        "line": 196
      },
      "1": {
        "loc": {
          "start": { "line": 197, "column": 6 },
          "end": { "line": 198, "column": 63 }
        },
        "type": "binary-expr",
        "locations": [
          {
            "start": { "line": 197, "column": 6 },
            "end": { "line": 197, "column": 23 }
          },
          {
            "start": { "line": 198, "column": 6 },
            "end": { "line": 198, "column": 63 }
          }
        ],
        "line": 197
      },
      "2": {
        "loc": {
          "start": { "line": 207, "column": 6 },
          "end": { "line": 209, "column": 7 }
        },
        "type": "if",
        "locations": [
          {
            "start": { "line": 207, "column": 6 },
            "end": { "line": 209, "column": 7 }
          },
          { "start": {}, "end": {} }
        ],
        "line": 207
      },
      "3": {
        "loc": {
          "start": { "line": 249, "column": 6 },
          "end": { "line": 251, "column": 7 }
        },
        "type": "if",
        "locations": [
          {
            "start": { "line": 249, "column": 6 },
            "end": { "line": 251, "column": 7 }
          },
          { "start": {}, "end": {} }
        ],
        "line": 249
      },
      "4": {
        "loc": {
          "start": { "line": 258, "column": 4 },
          "end": { "line": 260, "column": 5 }
        },
        "type": "if",
        "locations": [
          {
            "start": { "line": 258, "column": 4 },
            "end": { "line": 260, "column": 5 }
          },
          { "start": {}, "end": {} }
        ],
        "line": 258
      },
      "5": {
        "loc": {
          "start": { "line": 258, "column": 8 },
          "end": { "line": 258, "column": 34 }
        },
        "type": "binary-expr",
        "locations": [
          {
            "start": { "line": 258, "column": 8 },
            "end": { "line": 258, "column": 14 }
          },
          {
            "start": { "line": 258, "column": 18 },
            "end": { "line": 258, "column": 34 }
          }
        ],
        "line": 258
      },
      "6": {
        "loc": {
          "start": { "line": 266, "column": 6 },
          "end": { "line": 317, "column": 7 }
        },
        "type": "if",
        "locations": [
          {
            "start": { "line": 266, "column": 6 },
            "end": { "line": 317, "column": 7 }
          },
          {
            "start": { "line": 283, "column": 13 },
            "end": { "line": 317, "column": 7 }
          }
        ],
        "line": 266
      },
      "7": {
        "loc": {
          "start": { "line": 266, "column": 10 },
          "end": { "line": 266, "column": 49 }
        },
        "type": "binary-expr",
        "locations": [
          {
            "start": { "line": 266, "column": 10 },
            "end": { "line": 266, "column": 28 }
          },
          {
            "start": { "line": 266, "column": 32 },
            "end": { "line": 266, "column": 49 }
          }
        ],
        "line": 266
      },
      "8": {
        "loc": {
          "start": { "line": 283, "column": 13 },
          "end": { "line": 317, "column": 7 }
        },
        "type": "if",
        "locations": [
          {
            "start": { "line": 283, "column": 13 },
            "end": { "line": 317, "column": 7 }
          },
          { "start": {}, "end": {} }
        ],
        "line": 283
      },
      "9": {
        "loc": {
          "start": { "line": 287, "column": 10 },
          "end": { "line": 312, "column": 11 }
        },
        "type": "if",
        "locations": [
          {
            "start": { "line": 287, "column": 10 },
            "end": { "line": 312, "column": 11 }
          },
          {
            "start": { "line": 309, "column": 17 },
            "end": { "line": 312, "column": 11 }
          }
        ],
        "line": 287
      },
      "10": {
        "loc": {
          "start": { "line": 290, "column": 14 },
          "end": { "line": 293, "column": 15 }
        },
        "type": "if",
        "locations": [
          {
            "start": { "line": 290, "column": 14 },
            "end": { "line": 293, "column": 15 }
          },
          { "start": {}, "end": {} }
        ],
        "line": 290
      },
      "11": {
        "loc": {
          "start": { "line": 290, "column": 18 },
          "end": { "line": 290, "column": 59 }
        },
        "type": "binary-expr",
        "locations": [
          {
            "start": { "line": 290, "column": 18 },
            "end": { "line": 290, "column": 29 }
          },
          {
            "start": { "line": 290, "column": 33 },
            "end": { "line": 290, "column": 59 }
          }
        ],
        "line": 290
      },
      "12": {
        "loc": {
          "start": { "line": 320, "column": 6 },
          "end": { "line": 360, "column": 7 }
        },
        "type": "if",
        "locations": [
          {
            "start": { "line": 320, "column": 6 },
            "end": { "line": 360, "column": 7 }
          },
          { "start": {}, "end": {} }
        ],
        "line": 320
      },
      "13": {
        "loc": {
          "start": { "line": 328, "column": 30 },
          "end": { "line": 328, "column": 50 }
        },
        "type": "binary-expr",
        "locations": [
          {
            "start": { "line": 328, "column": 30 },
            "end": { "line": 328, "column": 45 }
          },
          {
            "start": { "line": 328, "column": 49 },
            "end": { "line": 328, "column": 50 }
          }
        ],
        "line": 328
      },
      "14": {
        "loc": {
          "start": { "line": 329, "column": 30 },
          "end": { "line": 329, "column": 50 }
        },
        "type": "binary-expr",
        "locations": [
          {
            "start": { "line": 329, "column": 30 },
            "end": { "line": 329, "column": 45 }
          },
          {
            "start": { "line": 329, "column": 49 },
            "end": { "line": 329, "column": 50 }
          }
        ],
        "line": 329
      },
      "15": {
        "loc": {
          "start": { "line": 331, "column": 12 },
          "end": { "line": 333, "column": 13 }
        },
        "type": "if",
        "locations": [
          {
            "start": { "line": 331, "column": 12 },
            "end": { "line": 333, "column": 13 }
          },
          { "start": {}, "end": {} }
        ],
        "line": 331
      },
      "16": {
        "loc": {
          "start": { "line": 342, "column": 19 },
          "end": { "line": 342, "column": 50 }
        },
        "type": "binary-expr",
        "locations": [
          {
            "start": { "line": 342, "column": 19 },
            "end": { "line": 342, "column": 36 }
          },
          {
            "start": { "line": 342, "column": 40 },
            "end": { "line": 342, "column": 50 }
          }
        ],
        "line": 342
      },
      "17": {
        "loc": {
          "start": { "line": 344, "column": 14 },
          "end": { "line": 346, "column": 15 }
        },
        "type": "if",
        "locations": [
          {
            "start": { "line": 344, "column": 14 },
            "end": { "line": 346, "column": 15 }
          },
          { "start": {}, "end": {} }
        ],
        "line": 344
      },
      "18": {
        "loc": {
          "start": { "line": 351, "column": 14 },
          "end": { "line": 354, "column": 16 }
        },
        "type": "binary-expr",
        "locations": [
          {
            "start": { "line": 351, "column": 14 },
            "end": { "line": 351, "column": 33 }
          },
          {
            "start": { "line": 352, "column": 15 },
            "end": { "line": 352, "column": 34 }
          },
          {
            "start": { "line": 353, "column": 16 },
            "end": { "line": 353, "column": 61 }
          },
          {
            "start": { "line": 354, "column": 14 },
            "end": { "line": 354, "column": 16 }
          }
        ],
        "line": 351
      },
      "19": {
        "loc": {
          "start": { "line": 375, "column": 4 },
          "end": { "line": 594, "column": 5 }
        },
        "type": "if",
        "locations": [
          {
            "start": { "line": 375, "column": 4 },
            "end": { "line": 594, "column": 5 }
          },
          {
            "start": { "line": 565, "column": 9 },
            "end": { "line": 594, "column": 5 }
          }
        ],
        "line": 375
      },
      "20": {
        "loc": {
          "start": { "line": 405, "column": 12 },
          "end": { "line": 411, "column": 13 }
        },
        "type": "if",
        "locations": [
          {
            "start": { "line": 405, "column": 12 },
            "end": { "line": 411, "column": 13 }
          },
          { "start": {}, "end": {} }
        ],
        "line": 405
      },
      "21": {
        "loc": {
          "start": { "line": 406, "column": 14 },
          "end": { "line": 407, "column": 71 }
        },
        "type": "binary-expr",
        "locations": [
          {
            "start": { "line": 406, "column": 14 },
            "end": { "line": 406, "column": 31 }
          },
          {
            "start": { "line": 407, "column": 14 },
            "end": { "line": 407, "column": 71 }
          }
        ],
        "line": 406
      },
      "22": {
        "loc": {
          "start": { "line": 459, "column": 14 },
          "end": { "line": 469, "column": 15 }
        },
        "type": "if",
        "locations": [
          {
            "start": { "line": 459, "column": 14 },
            "end": { "line": 469, "column": 15 }
          },
          { "start": {}, "end": {} }
        ],
        "line": 459
      },
      "23": {
        "loc": {
          "start": { "line": 473, "column": 12 },
          "end": { "line": 475, "column": 13 }
        },
        "type": "if",
        "locations": [
          {
            "start": { "line": 473, "column": 12 },
            "end": { "line": 475, "column": 13 }
          },
          { "start": {}, "end": {} }
        ],
        "line": 473
      },
      "24": {
        "loc": {
          "start": { "line": 492, "column": 16 },
          "end": { "line": 497, "column": 17 }
        },
        "type": "if",
        "locations": [
          {
            "start": { "line": 492, "column": 16 },
            "end": { "line": 497, "column": 17 }
          },
          { "start": {}, "end": {} }
        ],
        "line": 492
      },
      "25": {
        "loc": {
          "start": { "line": 506, "column": 14 },
          "end": { "line": 539, "column": 15 }
        },
        "type": "if",
        "locations": [
          {
            "start": { "line": 506, "column": 14 },
            "end": { "line": 539, "column": 15 }
          },
          {
            "start": { "line": 509, "column": 21 },
            "end": { "line": 539, "column": 15 }
          }
        ],
        "line": 506
      },
      "26": {
        "loc": {
          "start": { "line": 509, "column": 21 },
          "end": { "line": 539, "column": 15 }
        },
        "type": "if",
        "locations": [
          {
            "start": { "line": 509, "column": 21 },
            "end": { "line": 539, "column": 15 }
          },
          {
            "start": { "line": 514, "column": 21 },
            "end": { "line": 539, "column": 15 }
          }
        ],
        "line": 509
      },
      "27": {
        "loc": {
          "start": { "line": 511, "column": 16 },
          "end": { "line": 513, "column": 17 }
        },
        "type": "if",
        "locations": [
          {
            "start": { "line": 511, "column": 16 },
            "end": { "line": 513, "column": 17 }
          },
          { "start": {}, "end": {} }
        ],
        "line": 511
      },
      "28": {
        "loc": {
          "start": { "line": 514, "column": 21 },
          "end": { "line": 539, "column": 15 }
        },
        "type": "if",
        "locations": [
          {
            "start": { "line": 514, "column": 21 },
            "end": { "line": 539, "column": 15 }
          },
          {
            "start": { "line": 518, "column": 21 },
            "end": { "line": 539, "column": 15 }
          }
        ],
        "line": 514
      },
      "29": {
        "loc": {
          "start": { "line": 518, "column": 21 },
          "end": { "line": 539, "column": 15 }
        },
        "type": "if",
        "locations": [
          {
            "start": { "line": 518, "column": 21 },
            "end": { "line": 539, "column": 15 }
          },
          {
            "start": { "line": 523, "column": 21 },
            "end": { "line": 539, "column": 15 }
          }
        ],
        "line": 518
      },
      "30": {
        "loc": {
          "start": { "line": 523, "column": 21 },
          "end": { "line": 539, "column": 15 }
        },
        "type": "if",
        "locations": [
          {
            "start": { "line": 523, "column": 21 },
            "end": { "line": 539, "column": 15 }
          },
          {
            "start": { "line": 531, "column": 21 },
            "end": { "line": 539, "column": 15 }
          }
        ],
        "line": 523
      },
      "31": {
        "loc": {
          "start": { "line": 531, "column": 21 },
          "end": { "line": 539, "column": 15 }
        },
        "type": "if",
        "locations": [
          {
            "start": { "line": 531, "column": 21 },
            "end": { "line": 539, "column": 15 }
          },
          { "start": {}, "end": {} }
        ],
        "line": 531
      },
      "32": {
        "loc": {
          "start": { "line": 551, "column": 14 },
          "end": { "line": 553, "column": 15 }
        },
        "type": "if",
        "locations": [
          {
            "start": { "line": 551, "column": 14 },
            "end": { "line": 553, "column": 15 }
          },
          { "start": {}, "end": {} }
        ],
        "line": 551
      },
      "33": {
        "loc": {
          "start": { "line": 565, "column": 9 },
          "end": { "line": 594, "column": 5 }
        },
        "type": "if",
        "locations": [
          {
            "start": { "line": 565, "column": 9 },
            "end": { "line": 594, "column": 5 }
          },
          {
            "start": { "line": 579, "column": 9 },
            "end": { "line": 594, "column": 5 }
          }
        ],
        "line": 565
      },
      "34": {
        "loc": {
          "start": { "line": 579, "column": 9 },
          "end": { "line": 594, "column": 5 }
        },
        "type": "if",
        "locations": [
          {
            "start": { "line": 579, "column": 9 },
            "end": { "line": 594, "column": 5 }
          },
          { "start": {}, "end": {} }
        ],
        "line": 579
      },
      "35": {
        "loc": {
          "start": { "line": 586, "column": 12 },
          "end": { "line": 588, "column": 13 }
        },
        "type": "if",
        "locations": [
          {
            "start": { "line": 586, "column": 12 },
            "end": { "line": 588, "column": 13 }
          },
          { "start": {}, "end": {} }
        ],
        "line": 586
      },
      "36": {
        "loc": {
          "start": { "line": 597, "column": 4 },
          "end": { "line": 600, "column": 5 }
        },
        "type": "if",
        "locations": [
          {
            "start": { "line": 597, "column": 4 },
            "end": { "line": 600, "column": 5 }
          },
          { "start": {}, "end": {} }
        ],
        "line": 597
      }
    },
    "s": {
      "0": 4,
      "1": 4,
      "2": 0,
      "3": 0,
      "4": 0,
      "5": 0,
      "6": 0,
      "7": 0,
      "8": 0,
      "9": 0,
      "10": 0,
      "11": 0,
      "12": 0,
      "13": 0,
      "14": 0,
      "15": 0,
      "16": 0,
      "17": 4,
      "18": 0,
      "19": 0,
      "20": 0,
      "21": 0,
      "22": 0,
      "23": 0,
      "24": 0,
      "25": 0,
      "26": 0,
      "27": 0,
      "28": 0,
      "29": 0,
      "30": 0,
      "31": 0,
      "32": 0,
      "33": 0,
      "34": 0,
      "35": 0,
      "36": 0,
      "37": 0,
      "38": 0,
      "39": 0,
      "40": 0,
      "41": 0,
      "42": 0,
      "43": 0,
      "44": 0,
      "45": 0,
      "46": 0,
      "47": 0,
      "48": 0,
      "49": 0,
      "50": 0,
      "51": 0,
      "52": 0,
      "53": 0,
      "54": 0,
      "55": 0,
      "56": 0,
      "57": 0,
      "58": 0,
      "59": 0,
      "60": 0,
      "61": 0,
      "62": 0,
      "63": 4,
      "64": 0,
      "65": 0,
      "66": 0,
      "67": 0,
      "68": 0,
      "69": 0,
      "70": 0,
      "71": 0,
      "72": 0,
      "73": 0,
      "74": 0,
      "75": 0,
      "76": 0,
      "77": 0,
      "78": 0,
      "79": 0,
      "80": 0,
      "81": 0,
      "82": 0,
      "83": 0,
      "84": 0,
      "85": 0,
      "86": 0,
      "87": 0,
      "88": 0,
      "89": 0,
      "90": 0,
      "91": 0,
      "92": 0,
      "93": 0,
      "94": 0,
      "95": 0,
      "96": 0,
      "97": 0,
      "98": 0,
      "99": 0,
      "100": 0,
      "101": 0,
      "102": 0,
      "103": 0,
      "104": 0,
      "105": 0,
      "106": 4,
      "107": 4,
      "108": 4,
      "109": 4,
      "110": 0,
      "111": 0,
      "112": 0,
      "113": 0,
      "114": 0,
      "115": 0,
      "116": 0,
      "117": 0,
      "118": 0,
      "119": 0,
      "120": 0,
      "121": 0,
      "122": 0,
      "123": 0,
      "124": 0,
      "125": 0,
      "126": 0,
      "127": 0,
      "128": 0,
      "129": 0,
      "130": 0,
      "131": 0,
      "132": 0,
      "133": 0,
      "134": 0,
      "135": 0,
      "136": 0,
      "137": 0,
      "138": 0,
      "139": 0,
      "140": 0,
      "141": 0,
      "142": 0,
      "143": 0,
      "144": 0,
      "145": 0,
      "146": 0,
      "147": 0,
      "148": 0,
      "149": 0,
      "150": 0,
      "151": 0,
      "152": 0,
      "153": 0,
      "154": 0,
      "155": 0,
      "156": 0,
      "157": 0,
      "158": 0,
      "159": 0,
      "160": 0,
      "161": 0,
      "162": 0,
      "163": 0,
      "164": 0,
      "165": 0,
      "166": 0,
      "167": 0,
      "168": 0,
      "169": 0,
      "170": 0,
      "171": 0,
      "172": 0,
      "173": 0,
      "174": 0,
      "175": 0,
      "176": 0,
      "177": 0,
      "178": 0,
      "179": 0,
      "180": 0,
      "181": 0,
      "182": 0,
      "183": 0,
      "184": 0,
      "185": 0,
      "186": 0,
      "187": 0,
      "188": 0,
      "189": 0,
      "190": 0,
      "191": 0,
      "192": 0,
      "193": 0,
      "194": 0,
      "195": 0,
      "196": 0,
      "197": 0,
      "198": 0,
      "199": 0,
      "200": 0,
      "201": 4,
      "202": 4,
      "203": 0,
      "204": 0,
      "205": 0,
      "206": 0,
      "207": 0,
      "208": 4,
      "209": 4,
      "210": 4,
      "211": 4
    },
    "f": {
      "0": 4,
      "1": 0,
      "2": 0,
      "3": 0,
      "4": 0,
      "5": 0,
      "6": 0,
      "7": 0,
      "8": 0,
      "9": 0,
      "10": 0,
      "11": 0,
      "12": 0,
      "13": 0,
      "14": 0,
      "15": 0,
      "16": 0,
      "17": 0,
      "18": 0,
      "19": 0,
      "20": 0,
      "21": 0,
      "22": 0,
      "23": 0,
      "24": 0,
      "25": 0,
      "26": 4,
      "27": 0,
      "28": 0,
      "29": 0,
      "30": 0,
      "31": 0,
      "32": 0,
      "33": 0,
      "34": 0,
      "35": 0,
      "36": 0,
      "37": 0,
      "38": 0,
      "39": 0,
      "40": 0,
      "41": 4
    },
    "b": {
      "0": [0, 0],
      "1": [0, 0],
      "2": [0, 0],
      "3": [0, 0],
      "4": [0, 0],
      "5": [0, 0],
      "6": [0, 0],
      "7": [0, 0],
      "8": [0, 0],
      "9": [0, 0],
      "10": [0, 0],
      "11": [0, 0],
      "12": [0, 0],
      "13": [0, 0],
      "14": [0, 0],
      "15": [0, 0],
      "16": [0, 0],
      "17": [0, 0],
      "18": [0, 0, 0, 0],
      "19": [0, 4],
      "20": [0, 0],
      "21": [0, 0],
      "22": [0, 0],
      "23": [0, 0],
      "24": [0, 0],
      "25": [0, 0],
      "26": [0, 0],
      "27": [0, 0],
      "28": [0, 0],
      "29": [0, 0],
      "30": [0, 0],
      "31": [0, 0],
      "32": [0, 0],
      "33": [4, 0],
      "34": [0, 0],
      "35": [0, 0],
      "36": [4, 0]
    },
    "inputSourceMap": null,
    "_coverageSchema": "1a1c01bbd47fc00a2c39e90264f33305004495a9",
    "hash": "8aeeb8697555146b3f3de5c8e49e76b23730ad2e"
  },
  "/Users/vatsal/Documents/Github-local/comphy-lab.github.io/assets/js/command-palette.js": {
    "path": "/Users/vatsal/Documents/Github-local/comphy-lab.github.io/assets/js/command-palette.js",
    "statementMap": {
      "0": {
        "start": { "line": 8, "column": 0 },
        "end": { "line": 21, "column": 2 }
      },
      "1": {
        "start": { "line": 9, "column": 18 },
        "end": { "line": 9, "column": 67 }
      },
      "2": {
        "start": { "line": 10, "column": 2 },
        "end": { "line": 20, "column": 3 }
      },
      "3": {
        "start": { "line": 11, "column": 4 },
        "end": { "line": 11, "column": 36 }
      },
      "4": {
        "start": { "line": 12, "column": 18 },
        "end": { "line": 12, "column": 66 }
      },
      "5": {
        "start": { "line": 13, "column": 4 },
        "end": { "line": 19, "column": 5 }
      },
      "6": {
        "start": { "line": 14, "column": 6 },
        "end": { "line": 14, "column": 23 }
      },
      "7": {
        "start": { "line": 15, "column": 6 },
        "end": { "line": 15, "column": 20 }
      },
      "8": {
        "start": { "line": 16, "column": 6 },
        "end": { "line": 18, "column": 7 }
      },
      "9": {
        "start": { "line": 17, "column": 8 },
        "end": { "line": 17, "column": 33 }
      },
      "10": {
        "start": { "line": 31, "column": 27 },
        "end": { "line": 31, "column": 77 }
      },
      "11": {
        "start": { "line": 32, "column": 2 },
        "end": { "line": 32, "column": 32 }
      },
      "12": {
        "start": { "line": 32, "column": 25 },
        "end": { "line": 32, "column": 32 }
      },
      "13": {
        "start": { "line": 35, "column": 2 },
        "end": { "line": 35, "column": 34 }
      },
      "14": {
        "start": { "line": 38, "column": 19 },
        "end": { "line": 38, "column": 43 }
      },
      "15": {
        "start": { "line": 41, "column": 27 },
        "end": { "line": 48, "column": 14 }
      },
      "16": {
        "start": { "line": 44, "column": 8 },
        "end": { "line": 46, "column": 68 }
      },
      "17": {
        "start": { "line": 51, "column": 19 },
        "end": { "line": 51, "column": 21 }
      },
      "18": {
        "start": { "line": 52, "column": 2 },
        "end": { "line": 57, "column": 5 }
      },
      "19": {
        "start": { "line": 53, "column": 4 },
        "end": { "line": 55, "column": 5 }
      },
      "20": {
        "start": { "line": 54, "column": 6 },
        "end": { "line": 54, "column": 33 }
      },
      "21": {
        "start": { "line": 56, "column": 4 },
        "end": { "line": 56, "column": 36 }
      },
      "22": {
        "start": { "line": 60, "column": 2 },
        "end": { "line": 80, "column": 3 }
      },
      "23": {
        "start": { "line": 66, "column": 4 },
        "end": { "line": 79, "column": 9 }
      },
      "24": {
        "start": { "line": 69, "column": 8 },
        "end": { "line": 75, "column": 9 }
      },
      "25": {
        "start": { "line": 71, "column": 10 },
        "end": { "line": 71, "column": 53 }
      },
      "26": {
        "start": { "line": 74, "column": 10 },
        "end": { "line": 74, "column": 53 }
      },
      "27": {
        "start": { "line": 78, "column": 8 },
        "end": { "line": 78, "column": 56 }
      },
      "28": {
        "start": { "line": 83, "column": 2 },
        "end": { "line": 83, "column": 45 }
      },
      "29": {
        "start": { "line": 86, "column": 2 },
        "end": { "line": 91, "column": 3 }
      },
      "30": {
        "start": { "line": 87, "column": 22 },
        "end": { "line": 87, "column": 51 }
      },
      "31": {
        "start": { "line": 88, "column": 4 },
        "end": { "line": 88, "column": 55 }
      },
      "32": {
        "start": { "line": 89, "column": 4 },
        "end": { "line": 89, "column": 48 }
      },
      "33": {
        "start": { "line": 90, "column": 4 },
        "end": { "line": 90, "column": 44 }
      },
      "34": {
        "start": { "line": 104, "column": 2 },
        "end": { "line": 104, "column": 27 }
      },
      "35": {
        "start": { "line": 107, "column": 2 },
        "end": { "line": 151, "column": 5 }
      },
      "36": {
        "start": { "line": 108, "column": 22 },
        "end": { "line": 108, "column": 51 }
      },
      "37": {
        "start": { "line": 109, "column": 4 },
        "end": { "line": 109, "column": 52 }
      },
      "38": {
        "start": { "line": 111, "column": 25 },
        "end": { "line": 111, "column": 54 }
      },
      "39": {
        "start": { "line": 112, "column": 4 },
        "end": { "line": 112, "column": 61 }
      },
      "40": {
        "start": { "line": 113, "column": 4 },
        "end": { "line": 113, "column": 39 }
      },
      "41": {
        "start": { "line": 114, "column": 4 },
        "end": { "line": 114, "column": 40 }
      },
      "42": {
        "start": { "line": 116, "column": 25 },
        "end": { "line": 116, "column": 54 }
      },
      "43": {
        "start": { "line": 117, "column": 4 },
        "end": { "line": 117, "column": 56 }
      },
      "44": {
        "start": { "line": 119, "column": 4 },
        "end": { "line": 147, "column": 7 }
      },
      "45": {
        "start": { "line": 120, "column": 20 },
        "end": { "line": 120, "column": 49 }
      },
      "46": {
        "start": { "line": 121, "column": 6 },
        "end": { "line": 121, "column": 50 }
      },
      "47": {
        "start": { "line": 123, "column": 23 },
        "end": { "line": 126, "column": 7 }
      },
      "48": {
        "start": { "line": 129, "column": 6 },
        "end": { "line": 134, "column": 7 }
      },
      "49": {
        "start": { "line": 130, "column": 8 },
        "end": { "line": 133, "column": 58 }
      },
      "50": {
        "start": { "line": 136, "column": 6 },
        "end": { "line": 136, "column": 35 }
      },
      "51": {
        "start": { "line": 138, "column": 6 },
        "end": { "line": 144, "column": 9 }
      },
      "52": {
        "start": { "line": 139, "column": 8 },
        "end": { "line": 143, "column": 9 }
      },
      "53": {
        "start": { "line": 140, "column": 10 },
        "end": { "line": 141, "column": 19 }
      },
      "54": {
        "start": { "line": 142, "column": 10 },
        "end": { "line": 142, "column": 24 }
      },
      "55": {
        "start": { "line": 146, "column": 6 },
        "end": { "line": 146, "column": 38 }
      },
      "56": {
        "start": { "line": 149, "column": 4 },
        "end": { "line": 149, "column": 40 }
      },
      "57": {
        "start": { "line": 150, "column": 4 },
        "end": { "line": 150, "column": 37 }
      },
      "58": {
        "start": { "line": 164, "column": 2 },
        "end": { "line": 192, "column": 7 }
      },
      "59": {
        "start": { "line": 166, "column": 6 },
        "end": { "line": 168, "column": 7 }
      },
      "60": {
        "start": { "line": 167, "column": 8 },
        "end": { "line": 167, "column": 31 }
      },
      "61": {
        "start": { "line": 169, "column": 6 },
        "end": { "line": 169, "column": 51 }
      },
      "62": {
        "start": { "line": 173, "column": 6 },
        "end": { "line": 173, "column": 31 }
      },
      "63": {
        "start": { "line": 176, "column": 6 },
        "end": { "line": 185, "column": 9 }
      },
      "64": {
        "start": { "line": 188, "column": 6 },
        "end": { "line": 191, "column": 8 }
      },
      "65": {
        "start": { "line": 195, "column": 19 },
        "end": { "line": 195, "column": 77 }
      },
      "66": {
        "start": { "line": 196, "column": 2 },
        "end": { "line": 200, "column": 3 }
      },
      "67": {
        "start": { "line": 197, "column": 4 },
        "end": { "line": 199, "column": 7 }
      },
      "68": {
        "start": { "line": 198, "column": 6 },
        "end": { "line": 198, "column": 79 }
      },
      "69": {
        "start": { "line": 203, "column": 16 },
        "end": { "line": 203, "column": 64 }
      },
      "70": {
        "start": { "line": 204, "column": 2 },
        "end": { "line": 262, "column": 3 }
      },
      "71": {
        "start": { "line": 205, "column": 4 },
        "end": { "line": 207, "column": 7 }
      },
      "72": {
        "start": { "line": 206, "column": 6 },
        "end": { "line": 206, "column": 39 }
      },
      "73": {
        "start": { "line": 209, "column": 4 },
        "end": { "line": 261, "column": 7 }
      },
      "74": {
        "start": { "line": 210, "column": 6 },
        "end": { "line": 260, "column": 7 }
      },
      "75": {
        "start": { "line": 211, "column": 8 },
        "end": { "line": 212, "column": 17 }
      },
      "76": {
        "start": { "line": 213, "column": 13 },
        "end": { "line": 260, "column": 7 }
      },
      "77": {
        "start": { "line": 214, "column": 32 },
        "end": { "line": 216, "column": 9 }
      },
      "78": {
        "start": { "line": 217, "column": 8 },
        "end": { "line": 226, "column": 9 }
      },
      "79": {
        "start": { "line": 218, "column": 10 },
        "end": { "line": 218, "column": 34 }
      },
      "80": {
        "start": { "line": 220, "column": 31 },
        "end": { "line": 222, "column": 11 }
      },
      "81": {
        "start": { "line": 223, "column": 10 },
        "end": { "line": 225, "column": 11 }
      },
      "82": {
        "start": { "line": 224, "column": 12 },
        "end": { "line": 224, "column": 33 }
      },
      "83": {
        "start": { "line": 227, "column": 13 },
        "end": { "line": 260, "column": 7 }
      },
      "84": {
        "start": { "line": 228, "column": 8 },
        "end": { "line": 228, "column": 27 }
      },
      "85": {
        "start": { "line": 230, "column": 25 },
        "end": { "line": 232, "column": 9 }
      },
      "86": {
        "start": { "line": 233, "column": 8 },
        "end": { "line": 233, "column": 42 }
      },
      "87": {
        "start": { "line": 233, "column": 35 },
        "end": { "line": 233, "column": 42 }
      },
      "88": {
        "start": { "line": 235, "column": 32 },
        "end": { "line": 237, "column": 9 }
      },
      "89": {
        "start": { "line": 238, "column": 24 },
        "end": { "line": 238, "column": 25 }
      },
      "90": {
        "start": { "line": 240, "column": 8 },
        "end": { "line": 251, "column": 9 }
      },
      "91": {
        "start": { "line": 241, "column": 31 },
        "end": { "line": 241, "column": 64 }
      },
      "92": {
        "start": { "line": 242, "column": 10 },
        "end": { "line": 242, "column": 55 }
      },
      "93": {
        "start": { "line": 244, "column": 10 },
        "end": { "line": 248, "column": 11 }
      },
      "94": {
        "start": { "line": 245, "column": 12 },
        "end": { "line": 245, "column": 61 }
      },
      "95": {
        "start": { "line": 247, "column": 12 },
        "end": { "line": 247, "column": 79 }
      },
      "96": {
        "start": { "line": 250, "column": 10 },
        "end": { "line": 250, "column": 70 }
      },
      "97": {
        "start": { "line": 253, "column": 8 },
        "end": { "line": 253, "column": 54 }
      },
      "98": {
        "start": { "line": 256, "column": 8 },
        "end": { "line": 259, "column": 11 }
      },
      "99": {
        "start": { "line": 265, "column": 2 },
        "end": { "line": 270, "column": 5 }
      },
      "100": {
        "start": { "line": 266, "column": 4 },
        "end": { "line": 269, "column": 5 }
      },
      "101": {
        "start": { "line": 267, "column": 6 },
        "end": { "line": 267, "column": 25 }
      },
      "102": {
        "start": { "line": 268, "column": 6 },
        "end": { "line": 268, "column": 34 }
      },
      "103": {
        "start": { "line": 273, "column": 28 },
        "end": { "line": 273, "column": 74 }
      },
      "104": {
        "start": { "line": 274, "column": 2 },
        "end": { "line": 279, "column": 3 }
      },
      "105": {
        "start": { "line": 275, "column": 4 },
        "end": { "line": 278, "column": 7 }
      },
      "106": {
        "start": { "line": 276, "column": 6 },
        "end": { "line": 276, "column": 25 }
      },
      "107": {
        "start": { "line": 277, "column": 6 },
        "end": { "line": 277, "column": 34 }
      },
      "108": {
        "start": { "line": 283, "column": 0 },
        "end": { "line": 316, "column": 3 }
      },
      "109": {
        "start": { "line": 285, "column": 2 },
        "end": { "line": 285, "column": 23 }
      },
      "110": {
        "start": { "line": 288, "column": 16 },
        "end": { "line": 288, "column": 38 }
      },
      "111": {
        "start": { "line": 289, "column": 2 },
        "end": { "line": 291, "column": 5 }
      },
      "112": {
        "start": { "line": 290, "column": 4 },
        "end": { "line": 290, "column": 49 }
      },
      "113": {
        "start": { "line": 292, "column": 2 },
        "end": { "line": 294, "column": 5 }
      },
      "114": {
        "start": { "line": 293, "column": 4 },
        "end": { "line": 293, "column": 49 }
      },
      "115": {
        "start": { "line": 297, "column": 23 },
        "end": { "line": 297, "column": 74 }
      },
      "116": {
        "start": { "line": 298, "column": 2 },
        "end": { "line": 300, "column": 3 }
      },
      "117": {
        "start": { "line": 299, "column": 4 },
        "end": { "line": 299, "column": 55 }
      },
      "118": {
        "start": { "line": 303, "column": 28 },
        "end": { "line": 303, "column": 74 }
      },
      "119": {
        "start": { "line": 304, "column": 2 },
        "end": { "line": 315, "column": 3 }
      },
      "120": {
        "start": { "line": 308, "column": 4 },
        "end": { "line": 310, "column": 7 }
      },
      "121": {
        "start": { "line": 309, "column": 6 },
        "end": { "line": 309, "column": 36 }
      },
      "122": {
        "start": { "line": 312, "column": 4 },
        "end": { "line": 314, "column": 7 }
      },
      "123": {
        "start": { "line": 313, "column": 6 },
        "end": { "line": 313, "column": 39 }
      },
      "124": {
        "start": { "line": 319, "column": 0 },
        "end": { "line": 319, "column": 51 }
      },
      "125": {
        "start": { "line": 320, "column": 0 },
        "end": { "line": 320, "column": 39 }
      },
      "126": {
        "start": { "line": 323, "column": 0 },
        "end": { "line": 367, "column": 2 }
      },
      "127": {
        "start": { "line": 324, "column": 2 },
        "end": { "line": 326, "column": 3 }
      },
      "128": {
        "start": { "line": 325, "column": 4 },
        "end": { "line": 325, "column": 14 }
      },
      "129": {
        "start": { "line": 328, "column": 2 },
        "end": { "line": 366, "column": 3 }
      },
      "130": {
        "start": { "line": 329, "column": 20 },
        "end": { "line": 329, "column": 51 }
      },
      "131": {
        "start": { "line": 333, "column": 26 },
        "end": { "line": 344, "column": 6 }
      },
      "132": {
        "start": { "line": 335, "column": 24 },
        "end": { "line": 335, "column": 44 }
      },
      "133": {
        "start": { "line": 336, "column": 24 },
        "end": { "line": 336, "column": 44 }
      },
      "134": {
        "start": { "line": 338, "column": 6 },
        "end": { "line": 340, "column": 7 }
      },
      "135": {
        "start": { "line": 339, "column": 8 },
        "end": { "line": 339, "column": 37 }
      },
      "136": {
        "start": { "line": 343, "column": 6 },
        "end": { "line": 343, "column": 31 }
      },
      "137": {
        "start": { "line": 347, "column": 4 },
        "end": { "line": 362, "column": 8 }
      },
      "138": {
        "start": { "line": 347, "column": 54 },
        "end": { "line": 362, "column": 5 }
      },
      "139": {
        "start": { "line": 351, "column": 8 },
        "end": { "line": 353, "column": 9 }
      },
      "140": {
        "start": { "line": 352, "column": 10 },
        "end": { "line": 352, "column": 49 }
      },
      "141": {
        "start": { "line": 364, "column": 4 },
        "end": { "line": 364, "column": 50 }
      },
      "142": {
        "start": { "line": 365, "column": 4 },
        "end": { "line": 365, "column": 14 }
      }
    },
    "fnMap": {
      "0": {
        "name": "(anonymous_0)",
        "decl": {
          "start": { "line": 8, "column": 28 },
          "end": { "line": 8, "column": 29 }
        },
        "loc": {
          "start": { "line": 8, "column": 40 },
          "end": { "line": 21, "column": 1 }
        },
        "line": 8
      },
      "1": {
        "name": "renderCommandResults",
        "decl": {
          "start": { "line": 30, "column": 9 },
          "end": { "line": 30, "column": 29 }
        },
        "loc": {
          "start": { "line": 30, "column": 37 },
          "end": { "line": 92, "column": 1 }
        },
        "line": 30
      },
      "2": {
        "name": "(anonymous_2)",
        "decl": {
          "start": { "line": 43, "column": 6 },
          "end": { "line": 43, "column": 7 }
        },
        "loc": {
          "start": { "line": 44, "column": 8 },
          "end": { "line": 46, "column": 68 }
        },
        "line": 44
      },
      "3": {
        "name": "(anonymous_3)",
        "decl": {
          "start": { "line": 52, "column": 27 },
          "end": { "line": 52, "column": 28 }
        },
        "loc": {
          "start": { "line": 52, "column": 36 },
          "end": { "line": 57, "column": 3 }
        },
        "line": 52
      },
      "4": {
        "name": "(anonymous_4)",
        "decl": {
          "start": { "line": 68, "column": 12 },
          "end": { "line": 68, "column": 13 }
        },
        "loc": {
          "start": { "line": 68, "column": 31 },
          "end": { "line": 76, "column": 7 }
        },
        "line": 68
      },
      "5": {
        "name": "(anonymous_5)",
        "decl": {
          "start": { "line": 77, "column": 13 },
          "end": { "line": 77, "column": 14 }
        },
        "loc": {
          "start": { "line": 77, "column": 22 },
          "end": { "line": 79, "column": 7 }
        },
        "line": 77
      },
      "6": {
        "name": "renderSections",
        "decl": {
          "start": { "line": 102, "column": 9 },
          "end": { "line": 102, "column": 23 }
        },
        "loc": {
          "start": { "line": 102, "column": 45 },
          "end": { "line": 152, "column": 1 }
        },
        "line": 102
      },
      "7": {
        "name": "(anonymous_7)",
        "decl": {
          "start": { "line": 107, "column": 32 },
          "end": { "line": 107, "column": 33 }
        },
        "loc": {
          "start": { "line": 107, "column": 45 },
          "end": { "line": 151, "column": 3 }
        },
        "line": 107
      },
      "8": {
        "name": "(anonymous_8)",
        "decl": {
          "start": { "line": 119, "column": 30 },
          "end": { "line": 119, "column": 31 }
        },
        "loc": {
          "start": { "line": 119, "column": 39 },
          "end": { "line": 147, "column": 5 }
        },
        "line": 119
      },
      "9": {
        "name": "(anonymous_9)",
        "decl": {
          "start": { "line": 138, "column": 38 },
          "end": { "line": 138, "column": 39 }
        },
        "loc": {
          "start": { "line": 138, "column": 50 },
          "end": { "line": 144, "column": 7 }
        },
        "line": 138
      },
      "10": {
        "name": "initCommandPalette",
        "decl": {
          "start": { "line": 161, "column": 9 },
          "end": { "line": 161, "column": 27 }
        },
        "loc": {
          "start": { "line": 161, "column": 30 },
          "end": { "line": 280, "column": 1 }
        },
        "line": 161
      },
      "11": {
        "name": "(anonymous_11)",
        "decl": {
          "start": { "line": 165, "column": 10 },
          "end": { "line": 165, "column": 11 }
        },
        "loc": {
          "start": { "line": 165, "column": 24 },
          "end": { "line": 170, "column": 5 }
[...]
        "start": { "line": 63, "column": 8 },
        "end": { "line": 63, "column": 38 }
      },
      "24": {
        "start": { "line": 64, "column": 13 },
        "end": { "line": 71, "column": 7 }
      },
      "25": {
        "start": { "line": 66, "column": 24 },
        "end": { "line": 66, "column": 54 }
      },
      "26": {
        "start": { "line": 67, "column": 8 },
        "end": { "line": 67, "column": 38 }
      },
      "27": {
        "start": { "line": 70, "column": 8 },
        "end": { "line": 70, "column": 30 }
      },
      "28": {
        "start": { "line": 73, "column": 6 },
        "end": { "line": 73, "column": 28 }
      },
      "29": {
        "start": { "line": 77, "column": 2 },
        "end": { "line": 77, "column": 31 }
      },
      "30": {
        "start": { "line": 90, "column": 22 },
        "end": { "line": 90, "column": 43 }
      },
      "31": {
        "start": { "line": 91, "column": 22 },
        "end": { "line": 91, "column": 40 }
      },
      "32": {
        "start": { "line": 94, "column": 16 },
        "end": { "line": 94, "column": 34 }
      },
      "33": {
        "start": { "line": 96, "column": 2 },
        "end": { "line": 98, "column": 3 }
      },
      "34": {
        "start": { "line": 97, "column": 4 },
        "end": { "line": 97, "column": 18 }
      },
      "35": {
        "start": { "line": 101, "column": 17 },
        "end": { "line": 101, "column": 33 }
      },
      "36": {
        "start": { "line": 104, "column": 2 },
        "end": { "line": 106, "column": 3 }
      },
      "37": {
        "start": { "line": 104, "column": 15 },
        "end": { "line": 104, "column": 16 }
      },
      "38": {
        "start": { "line": 105, "column": 4 },
        "end": { "line": 105, "column": 46 }
      },
      "39": {
        "start": { "line": 109, "column": 2 },
        "end": { "line": 109, "column": 53 }
      },
      "40": {
        "start": { "line": 111, "column": 2 },
        "end": { "line": 111, "column": 16 }
      },
      "41": {
        "start": { "line": 123, "column": 22 },
        "end": { "line": 123, "column": 43 }
      },
      "42": {
        "start": { "line": 124, "column": 22 },
        "end": { "line": 124, "column": 40 }
      },
      "43": {
        "start": { "line": 127, "column": 16 },
        "end": { "line": 127, "column": 72 }
      },
      "44": {
        "start": { "line": 128, "column": 2 },
        "end": { "line": 128, "column": 28 }
      },
      "45": {
        "start": { "line": 128, "column": 14 },
        "end": { "line": 128, "column": 28 }
      },
      "46": {
        "start": { "line": 130, "column": 2 },
        "end": { "line": 133, "column": 4 }
      },
      "47": {
        "start": { "line": 143, "column": 22 },
        "end": { "line": 143, "column": 43 }
      },
      "48": {
        "start": { "line": 144, "column": 22 },
        "end": { "line": 144, "column": 40 }
      },
      "49": {
        "start": { "line": 147, "column": 16 },
        "end": { "line": 147, "column": 34 }
      },
      "50": {
        "start": { "line": 149, "column": 2 },
        "end": { "line": 151, "column": 3 }
      },
      "51": {
        "start": { "line": 150, "column": 4 },
        "end": { "line": 150, "column": 18 }
      },
      "52": {
        "start": { "line": 153, "column": 17 },
        "end": { "line": 153, "column": 19 }
      },
      "53": {
        "start": { "line": 154, "column": 2 },
        "end": { "line": 156, "column": 3 }
      },
      "54": {
        "start": { "line": 154, "column": 15 },
        "end": { "line": 154, "column": 16 }
      },
      "55": {
        "start": { "line": 155, "column": 4 },
        "end": { "line": 155, "column": 46 }
      },
      "56": {
        "start": { "line": 159, "column": 2 },
        "end": { "line": 161, "column": 3 }
      },
      "57": {
        "start": { "line": 160, "column": 4 },
        "end": { "line": 160, "column": 55 }
      },
      "58": {
        "start": { "line": 163, "column": 2 },
        "end": { "line": 163, "column": 16 }
      },
      "59": {
        "start": { "line": 175, "column": 22 },
        "end": { "line": 175, "column": 43 }
      },
      "60": {
        "start": { "line": 176, "column": 22 },
        "end": { "line": 176, "column": 40 }
      },
      "61": {
        "start": { "line": 179, "column": 16 },
        "end": { "line": 179, "column": 47 }
      },
      "62": {
        "start": { "line": 180, "column": 2 },
        "end": { "line": 180, "column": 28 }
      },
      "63": {
        "start": { "line": 180, "column": 14 },
        "end": { "line": 180, "column": 28 }
      },
      "64": {
        "start": { "line": 182, "column": 2 },
        "end": { "line": 185, "column": 4 }
      },
      "65": {
        "start": { "line": 194, "column": 18 },
        "end": { "line": 196, "column": 40 }
      },
      "66": {
        "start": { "line": 195, "column": 20 },
        "end": { "line": 195, "column": 40 }
      },
      "67": {
        "start": { "line": 196, "column": 17 },
        "end": { "line": 196, "column": 39 }
      },
      "68": {
        "start": { "line": 198, "column": 19 },
        "end": { "line": 198, "column": 20 }
      },
      "69": {
        "start": { "line": 199, "column": 23 },
        "end": { "line": 199, "column": 24 }
      },
      "70": {
        "start": { "line": 201, "column": 2 },
        "end": { "line": 223, "column": 5 }
      },
      "71": {
        "start": { "line": 202, "column": 20 },
        "end": { "line": 202, "column": 34 }
      },
      "72": {
        "start": { "line": 203, "column": 18 },
        "end": { "line": 203, "column": 37 }
      },
      "73": {
        "start": { "line": 206, "column": 22 },
        "end": { "line": 206, "column": 74 }
      },
      "74": {
        "start": { "line": 206, "column": 43 },
        "end": { "line": 206, "column": 66 }
      },
      "75": {
        "start": { "line": 207, "column": 4 },
        "end": { "line": 207, "column": 32 }
      },
      "76": {
        "start": { "line": 209, "column": 4 },
        "end": { "line": 222, "column": 5 }
      },
      "77": {
        "start": { "line": 210, "column": 6 },
        "end": { "line": 210, "column": 95 }
      },
      "78": {
        "start": { "line": 212, "column": 27 },
        "end": { "line": 212, "column": 48 }
      },
      "79": {
        "start": { "line": 214, "column": 6 },
        "end": { "line": 221, "column": 7 }
      },
      "80": {
        "start": { "line": 215, "column": 8 },
        "end": { "line": 220, "column": 9 }
      },
      "81": {
        "start": { "line": 216, "column": 10 },
        "end": { "line": 216, "column": 47 }
      },
      "82": {
        "start": { "line": 217, "column": 10 },
        "end": { "line": 217, "column": 23 }
      },
      "83": {
        "start": { "line": 219, "column": 10 },
        "end": { "line": 219, "column": 73 }
      },
      "84": {
        "start": { "line": 225, "column": 2 },
        "end": { "line": 225, "column": 32 }
      },
      "85": {
        "start": { "line": 226, "column": 2 },
        "end": { "line": 226, "column": 76 }
      },
      "86": {
        "start": { "line": 227, "column": 2 },
        "end": { "line": 227, "column": 53 }
      },
      "87": {
        "start": { "line": 231, "column": 0 },
        "end": { "line": 231, "column": 17 }
      }
    },
    "fnMap": {
      "0": {
        "name": "readFile",
        "decl": {
          "start": { "line": 19, "column": 9 },
          "end": { "line": 19, "column": 17 }
        },
        "loc": {
          "start": { "line": 19, "column": 28 },
          "end": { "line": 26, "column": 1 }
        },
        "line": 19
      },
      "1": {
        "name": "fixLongLines",
        "decl": {
          "start": { "line": 36, "column": 9 },
          "end": { "line": 36, "column": 21 }
        },
        "loc": {
          "start": { "line": 36, "column": 31 },
          "end": { "line": 78, "column": 1 }
        },
        "line": 36
      },
      "2": {
        "name": "breakObjectDefinition",
        "decl": {
          "start": { "line": 88, "column": 9 },
          "end": { "line": 88, "column": 30 }
        },
        "loc": {
          "start": { "line": 88, "column": 37 },
          "end": { "line": 112, "column": 1 }
        },
        "line": 88
      },
      "3": {
        "name": "breakUrlLine",
        "decl": {
          "start": { "line": 122, "column": 9 },
          "end": { "line": 122, "column": 21 }
        },
        "loc": {
          "start": { "line": 122, "column": 28 },
          "end": { "line": 134, "column": 1 }
        },
        "line": 122
      },
      "4": {
        "name": "breakStyleLine",
        "decl": {
          "start": { "line": 142, "column": 9 },
          "end": { "line": 142, "column": 23 }
        },
        "loc": {
          "start": { "line": 142, "column": 30 },
          "end": { "line": 164, "column": 1 }
        },
        "line": 142
      },
      "5": {
        "name": "breakStringConcatenation",
        "decl": {
          "start": { "line": 174, "column": 9 },
          "end": { "line": 174, "column": 33 }
        },
        "loc": {
          "start": { "line": 174, "column": 40 },
          "end": { "line": 186, "column": 1 }
        },
        "line": 174
      },
      "6": {
        "name": "processJsFiles",
        "decl": {
          "start": { "line": 193, "column": 9 },
          "end": { "line": 193, "column": 23 }
        },
        "loc": {
          "start": { "line": 193, "column": 26 },
          "end": { "line": 228, "column": 1 }
        },
        "line": 193
      },
      "7": {
        "name": "(anonymous_7)",
        "decl": {
          "start": { "line": 195, "column": 12 },
          "end": { "line": 195, "column": 13 }
        },
        "loc": {
          "start": { "line": 195, "column": 20 },
          "end": { "line": 195, "column": 40 }
        },
        "line": 195
      },
      "8": {
        "name": "(anonymous_8)",
        "decl": {
          "start": { "line": 196, "column": 9 },
          "end": { "line": 196, "column": 10 }
        },
        "loc": {
          "start": { "line": 196, "column": 17 },
          "end": { "line": 196, "column": 39 }
        },
        "line": 196
      },
      "9": {
        "name": "(anonymous_9)",
        "decl": {
          "start": { "line": 201, "column": 18 },
          "end": { "line": 201, "column": 19 }
        },
        "loc": {
          "start": { "line": 201, "column": 26 },
          "end": { "line": 223, "column": 3 }
        },
        "line": 201
      },
      "10": {
        "name": "(anonymous_10)",
        "decl": {
          "start": { "line": 206, "column": 35 },
          "end": { "line": 206, "column": 36 }
        },
        "loc": {
          "start": { "line": 206, "column": 43 },
          "end": { "line": 206, "column": 66 }
        },
        "line": 206
      }
    },
    "branchMap": {
      "0": {
        "loc": {
          "start": { "line": 42, "column": 4 },
          "end": { "line": 46, "column": 5 }
        },
        "type": "if",
        "locations": [
          {
            "start": { "line": 42, "column": 4 },
            "end": { "line": 46, "column": 5 }
          },
          { "start": {}, "end": {} }
        ],
        "line": 42
      },
      "1": {
        "loc": {
          "start": { "line": 42, "column": 8 },
          "end": { "line": 43, "column": 35 }
        },
        "type": "binary-expr",
        "locations": [
          {
            "start": { "line": 42, "column": 8 },
            "end": { "line": 42, "column": 36 }
          },
          {
            "start": { "line": 42, "column": 40 },
            "end": { "line": 42, "column": 68 }
          },
          {
            "start": { "line": 43, "column": 8 },
            "end": { "line": 43, "column": 35 }
          }
        ],
        "line": 42
      },
      "2": {
        "loc": {
          "start": { "line": 49, "column": 4 },
          "end": { "line": 74, "column": 5 }
        },
        "type": "if",
        "locations": [
          {
            "start": { "line": 49, "column": 4 },
            "end": { "line": 74, "column": 5 }
          },
          {
            "start": { "line": 72, "column": 11 },
            "end": { "line": 74, "column": 5 }
          }
        ],
        "line": 49
      },
      "3": {
        "loc": {
          "start": { "line": 51, "column": 6 },
          "end": { "line": 71, "column": 7 }
        },
        "type": "if",
        "locations": [
          {
            "start": { "line": 51, "column": 6 },
            "end": { "line": 71, "column": 7 }
          },
          {
            "start": { "line": 55, "column": 13 },
            "end": { "line": 71, "column": 7 }
          }
        ],
        "line": 51
      },
      "4": {
        "loc": {
          "start": { "line": 51, "column": 10 },
          "end": { "line": 51, "column": 50 }
        },
        "type": "binary-expr",
        "locations": [
          {
            "start": { "line": 51, "column": 10 },
            "end": { "line": 51, "column": 28 }
          },
          {
            "start": { "line": 51, "column": 32 },
            "end": { "line": 51, "column": 50 }
          }
        ],
        "line": 51
      },
      "5": {
        "loc": {
          "start": { "line": 55, "column": 13 },
          "end": { "line": 71, "column": 7 }
        },
        "type": "if",
        "locations": [
          {
            "start": { "line": 55, "column": 13 },
            "end": { "line": 71, "column": 7 }
          },
          {
            "start": { "line": 60, "column": 13 },
            "end": { "line": 71, "column": 7 }
          }
        ],
        "line": 55
      },
      "6": {
        "loc": {
          "start": { "line": 55, "column": 17 },
          "end": { "line": 56, "column": 45 }
        },
        "type": "binary-expr",
        "locations": [
          {
            "start": { "line": 55, "column": 17 },
            "end": { "line": 55, "column": 56 }
          },
          {
            "start": { "line": 56, "column": 16 },
            "end": { "line": 56, "column": 45 }
          }
        ],
        "line": 55
      },
      "7": {
        "loc": {
          "start": { "line": 60, "column": 13 },
          "end": { "line": 71, "column": 7 }
        },
        "type": "if",
        "locations": [
          {
            "start": { "line": 60, "column": 13 },
            "end": { "line": 71, "column": 7 }
          },
          {
            "start": { "line": 64, "column": 13 },
            "end": { "line": 71, "column": 7 }
          }
        ],
        "line": 60
      },
      "8": {
        "loc": {
          "start": { "line": 64, "column": 13 },
          "end": { "line": 71, "column": 7 }
        },
        "type": "if",
        "locations": [
          {
            "start": { "line": 64, "column": 13 },
            "end": { "line": 71, "column": 7 }
          },
          {
            "start": { "line": 68, "column": 13 },
            "end": { "line": 71, "column": 7 }
          }
        ],
        "line": 64
      },
      "9": {
        "loc": {
          "start": { "line": 96, "column": 2 },
          "end": { "line": 98, "column": 3 }
        },
        "type": "if",
        "locations": [
          {
            "start": { "line": 96, "column": 2 },
            "end": { "line": 98, "column": 3 }
          },
          { "start": {}, "end": {} }
        ],
        "line": 96
      },
      "10": {
        "loc": {
          "start": { "line": 128, "column": 2 },
          "end": { "line": 128, "column": 28 }
        },
        "type": "if",
        "locations": [
          {
            "start": { "line": 128, "column": 2 },
            "end": { "line": 128, "column": 28 }
          },
          { "start": {}, "end": {} }
        ],
        "line": 128
      },
      "11": {
        "loc": {
          "start": { "line": 149, "column": 2 },
          "end": { "line": 151, "column": 3 }
        },
        "type": "if",
        "locations": [
          {
            "start": { "line": 149, "column": 2 },
            "end": { "line": 151, "column": 3 }
          },
          { "start": {}, "end": {} }
        ],
        "line": 149
      },
      "12": {
        "loc": {
          "start": { "line": 159, "column": 2 },
          "end": { "line": 161, "column": 3 }
        },
        "type": "if",
        "locations": [
          {
            "start": { "line": 159, "column": 2 },
            "end": { "line": 161, "column": 3 }
          },
          { "start": {}, "end": {} }
        ],
        "line": 159
      },
      "13": {
        "loc": {
          "start": { "line": 180, "column": 2 },
          "end": { "line": 180, "column": 28 }
        },
        "type": "if",
        "locations": [
          {
            "start": { "line": 180, "column": 2 },
            "end": { "line": 180, "column": 28 }
          },
          { "start": {}, "end": {} }
        ],
        "line": 180
      },
      "14": {
        "loc": {
          "start": { "line": 209, "column": 4 },
          "end": { "line": 222, "column": 5 }
        },
        "type": "if",
        "locations": [
          {
            "start": { "line": 209, "column": 4 },
            "end": { "line": 222, "column": 5 }
          },
          { "start": {}, "end": {} }
        ],
        "line": 209
      },
      "15": {
        "loc": {
          "start": { "line": 214, "column": 6 },
          "end": { "line": 221, "column": 7 }
        },
        "type": "if",
        "locations": [
          {
            "start": { "line": 214, "column": 6 },
            "end": { "line": 221, "column": 7 }
          },
          { "start": {}, "end": {} }
        ],
        "line": 214
      }
    },
    "s": {
      "0": 7,
      "1": 7,
      "2": 7,
      "3": 7,
      "4": 9,
      "5": 9,
      "6": 1,
      "7": 1,
      "8": 1,
      "9": 1,
      "10": 1,
      "11": 1,
      "12": 0,
      "13": 0,
      "14": 1,
      "15": 1,
      "16": 1,
      "17": 1,
      "18": 0,
      "19": 0,
      "20": 0,
      "21": 0,
      "22": 0,
      "23": 0,
      "24": 0,
      "25": 0,
      "26": 0,
      "27": 0,
      "28": 0,
      "29": 1,
      "30": 1,
      "31": 1,
      "32": 1,
      "33": 1,
      "34": 0,
      "35": 1,
      "36": 1,
      "37": 1,
      "38": 3,
      "39": 1,
      "40": 1,
      "41": 0,
      "42": 0,
      "43": 0,
      "44": 0,
      "45": 0,
      "46": 0,
      "47": 0,
      "48": 0,
      "49": 0,
      "50": 0,
      "51": 0,
      "52": 0,
      "53": 0,
      "54": 0,
      "55": 0,
      "56": 0,
      "57": 0,
      "58": 0,
      "59": 0,
      "60": 0,
      "61": 0,
      "62": 0,
      "63": 0,
      "64": 0,
      "65": 7,
      "66": 13,
      "67": 9,
      "68": 7,
      "69": 7,
      "70": 7,
      "71": 9,
      "72": 9,
      "73": 9,
      "74": 9,
      "75": 9,
      "76": 9,
      "77": 1,
      "78": 1,
      "79": 1,
      "80": 1,
      "81": 1,
      "82": 1,
      "83": 0,
      "84": 7,
      "85": 7,
      "86": 7,
      "87": 7
    },
    "f": {
      "0": 9,
      "1": 1,
      "2": 1,
      "3": 0,
      "4": 0,
      "5": 0,
      "6": 7,
      "7": 13,
      "8": 9,
      "9": 9,
      "10": 9
    },
    "b": {
      "0": [0, 1],
      "1": [1, 1, 1],
      "2": [1, 0],
      "3": [1, 0],
      "4": [1, 1],
      "5": [0, 0],
      "6": [0, 0],
      "7": [0, 0],
      "8": [0, 0],
      "9": [0, 1],
      "10": [0, 0],
      "11": [0, 0],
      "12": [0, 0],
      "13": [0, 0],
      "14": [1, 8],
      "15": [1, 0]
    },
    "inputSourceMap": null,
    "_coverageSchema": "1a1c01bbd47fc00a2c39e90264f33305004495a9",
    "hash": "ea407833a80842a31262402ddd4ee5484a028ba0"
  }
}
