{"/Users/vatsal/Library/CloudStorage/Dropbox/Apps/gitHub/activePRs/comphy-lab.github.io/tests/setup.js": {"path":"/Users/vatsal/Library/CloudStorage/Dropbox/Apps/gitHub/activePRs/comphy-lab.github.io/tests/setup.js","statementMap":{"0":{"start":{"line":4,"column":0},"end":{"line":22,"column":2}},"1":{"start":{"line":17,"column":53},"end":{"line":21,"column":3}},"2":{"start":{"line":25,"column":0},"end":{"line":44,"column":2}},"3":{"start":{"line":31,"column":58},"end":{"line":38,"column":3}},"4":{"start":{"line":40,"column":55},"end":{"line":40,"column":57}},"5":{"start":{"line":41,"column":54},"end":{"line":43,"column":3}},"6":{"start":{"line":47,"column":0},"end":{"line":52,"column":2}},"7":{"start":{"line":55,"column":0},"end":{"line":60,"column":2}},"8":{"start":{"line":56,"column":2},"end":{"line":59,"column":4}},"9":{"start":{"line":58,"column":16},"end":{"line":58,"column":35}}},"fnMap":{"0":{"name":"(anonymous_0)","decl":{"start":{"line":17,"column":43},"end":{"line":17,"column":44}},"loc":{"start":{"line":17,"column":53},"end":{"line":21,"column":3}},"line":17},"1":{"name":"(anonymous_1)","decl":{"start":{"line":31,"column":46},"end":{"line":31,"column":47}},"loc":{"start":{"line":31,"column":58},"end":{"line":38,"column":3}},"line":31},"2":{"name":"(anonymous_2)","decl":{"start":{"line":40,"column":49},"end":{"line":40,"column":50}},"loc":{"start":{"line":40,"column":55},"end":{"line":40,"column":57}},"line":40},"3":{"name":"(anonymous_3)","decl":{"start":{"line":41,"column":47},"end":{"line":41,"column":48}},"loc":{"start":{"line":41,"column":54},"end":{"line":43,"column":3}},"line":41},"4":{"name":"(anonymous_4)","decl":{"start":{"line":55,"column":44},"end":{"line":55,"column":45}},"loc":{"start":{"line":56,"column":2},"end":{"line":59,"column":4}},"line":56},"5":{"name":"(anonymous_5)","decl":{"start":{"line":58,"column":10},"end":{"line":58,"column":11}},"loc":{"start":{"line":58,"column":16},"end":{"line":58,"column":35}},"line":58}},"branchMap":{},"s":{"0":1,"1":0,"2":1,"3":0,"4":0,"5":0,"6":1,"7":1,"8":0,"9":0},"f":{"0":0,"1":0,"2":0,"3":0,"4":0,"5":0},"b":{},"inputSourceMap":null,"_coverageSchema":"1a1c01bbd47fc00a2c39e90264f33305004495a9","hash":"99287e8116d4fdab82c5e774d27c14763dc67856"}
}
