TN:
SF:assets/js/command-data.js
FN:3,(anonymous_0)
FN:12,(anonymous_1)
FN:21,(anonymous_2)
FN:30,(anonymous_3)
FN:39,(anonymous_4)
FN:48,(anonymous_5)
FN:57,(anonymous_6)
FN:67,(anonymous_7)
FN:76,(anonymous_8)
FN:87,(anonymous_9)
FN:97,(anonymous_10)
FN:110,(anonymous_11)
FN:120,(anonymous_12)
FN:132,(anonymous_13)
FN:141,(anonymous_14)
FN:156,(anonymous_15)
FN:171,(anonymous_16)
FN:206,(anonymous_17)
FN:217,(anonymous_18)
FN:223,(anonymous_19)
FN:243,(anonymous_20)
FN:248,(anonymous_21)
FN:256,(anonymous_22)
FN:326,(anonymous_23)
FN:340,(anonymous_24)
FN:343,(anonymous_25)
FN:369,(anonymous_26)
FN:380,(anonymous_27)
FN:416,(anonymous_28)
FN:425,(anonymous_29)
FN:451,(anonymous_30)
FN:453,(anonymous_31)
FN:478,(anonymous_32)
FN:480,(anonymous_33)
FN:485,(anonymous_34)
FN:490,(anonymous_35)
FN:502,(anonymous_36)
FN:545,(anonymous_37)
FN:550,(anonymous_38)
FN:570,(anonymous_39)
FN:584,(anonymous_40)
FN:604,(anonymous_41)
FNF:42
FNH:3
FNDA:4,(anonymous_0)
FNDA:0,(anonymous_1)
FNDA:0,(anonymous_2)
FNDA:0,(anonymous_3)
FNDA:0,(anonymous_4)
FNDA:0,(anonymous_5)
FNDA:0,(anonymous_6)
FNDA:0,(anonymous_7)
FNDA:0,(anonymous_8)
FNDA:0,(anonymous_9)
FNDA:0,(anonymous_10)
FNDA:0,(anonymous_11)
FNDA:0,(anonymous_12)
FNDA:0,(anonymous_13)
FNDA:0,(anonymous_14)
FNDA:0,(anonymous_15)
FNDA:0,(anonymous_16)
FNDA:0,(anonymous_17)
FNDA:0,(anonymous_18)
FNDA:0,(anonymous_19)
FNDA:0,(anonymous_20)
FNDA:0,(anonymous_21)
FNDA:0,(anonymous_22)
FNDA:0,(anonymous_23)
FNDA:0,(anonymous_24)
FNDA:0,(anonymous_25)
FNDA:4,(anonymous_26)
FNDA:0,(anonymous_27)
FNDA:0,(anonymous_28)
FNDA:0,(anonymous_29)
FNDA:0,(anonymous_30)
FNDA:0,(anonymous_31)
FNDA:0,(anonymous_32)
FNDA:0,(anonymous_33)
FNDA:0,(anonymous_34)
FNDA:0,(anonymous_35)
FNDA:0,(anonymous_36)
FNDA:0,(anonymous_37)
FNDA:0,(anonymous_38)
FNDA:0,(anonymous_39)
FNDA:0,(anonymous_40)
FNDA:4,(anonymous_41)
DA:3,4
DA:7,4
DA:13,0
DA:22,0
DA:31,0
DA:40,0
DA:49,0
DA:58,0
DA:68,0
DA:77,0
DA:88,0
DA:98,0
DA:111,0
DA:121,0
DA:133,0
DA:142,0
DA:157,0
DA:171,4
DA:174,0
DA:175,0
DA:176,0
DA:177,0
DA:178,0
DA:179,0
DA:180,0
DA:181,0
DA:182,0
DA:183,0
DA:184,0
DA:186,0
DA:187,0
DA:188,0
DA:189,0
DA:190,0
DA:191,0
DA:192,0
DA:193,0
DA:196,0
DA:200,0
DA:201,0
DA:205,0
DA:206,0
DA:207,0
DA:208,0
DA:210,0
DA:213,0
DA:214,0
DA:217,0
DA:218,0
DA:219,0
DA:220,0
DA:223,0
DA:224,0
DA:229,0
DA:233,0
DA:236,0
DA:237,0
DA:238,0
DA:241,0
DA:244,0
DA:248,0
DA:249,0
DA:250,0
DA:256,4
DA:258,0
DA:259,0
DA:264,0
DA:266,0
DA:268,0
DA:269,0
DA:280,0
DA:281,0
DA:283,0
DA:285,0
DA:286,0
DA:287,0
DA:288,0
DA:289,0
DA:290,0
DA:291,0
DA:292,0
DA:294,0
DA:295,0
DA:306,0
DA:307,0
DA:310,0
DA:311,0
DA:314,0
DA:315,0
DA:320,0
DA:321,0
DA:322,0
DA:326,0
DA:328,0
DA:329,0
DA:331,0
DA:332,0
DA:336,0
DA:340,0
DA:344,0
DA:345,0
DA:357,0
DA:358,0
DA:362,0
DA:365,0
DA:369,4
DA:371,4
DA:372,4
DA:375,4
DA:376,0
DA:382,0
DA:383,0
DA:384,0
DA:385,0
DA:386,0
DA:387,0
DA:388,0
DA:389,0
DA:390,0
DA:391,0
DA:392,0
DA:394,0
DA:395,0
DA:396,0
DA:397,0
DA:398,0
DA:399,0
DA:400,0
DA:401,0
DA:402,0
DA:405,0
DA:409,0
DA:410,0
DA:414,0
DA:415,0
DA:416,0
DA:417,0
DA:420,0
DA:421,0
DA:425,0
DA:426,0
DA:429,0
DA:432,0
DA:439,0
DA:442,0
DA:443,0
DA:444,0
DA:447,0
DA:448,0
DA:451,0
DA:453,0
DA:454,0
DA:455,0
DA:459,0
DA:460,0
DA:461,0
DA:465,0
DA:473,0
DA:474,0
DA:478,0
DA:480,0
DA:481,0
DA:482,0
DA:485,0
DA:487,0
DA:488,0
DA:490,0
DA:492,0
DA:494,0
DA:496,0
DA:502,0
DA:503,0
DA:504,0
DA:506,0
DA:508,0
DA:509,0
DA:511,0
DA:512,0
DA:514,0
DA:515,0
DA:516,0
DA:517,0
DA:518,0
DA:519,0
DA:520,0
DA:522,0
DA:523,0
DA:524,0
DA:526,0
DA:530,0
DA:531,0
DA:532,0
DA:534,0
DA:538,0
DA:543,0
DA:546,0
DA:550,0
DA:551,0
DA:552,0
DA:557,0
DA:565,4
DA:566,4
DA:571,0
DA:579,0
DA:580,0
DA:586,0
DA:587,0
DA:597,4
DA:599,4
DA:604,4
DA:605,4
LF:211
LH:14
BRDA:196,0,0,0
BRDA:196,0,1,0
BRDA:197,1,0,0
BRDA:197,1,1,0
BRDA:207,2,0,0
BRDA:207,2,1,0
BRDA:249,3,0,0
BRDA:249,3,1,0
BRDA:258,4,0,0
BRDA:258,4,1,0
BRDA:258,5,0,0
BRDA:258,5,1,0
BRDA:266,6,0,0
BRDA:266,6,1,0
BRDA:266,7,0,0
BRDA:266,7,1,0
BRDA:283,8,0,0
BRDA:283,8,1,0
BRDA:287,9,0,0
BRDA:287,9,1,0
BRDA:290,10,0,0
BRDA:290,10,1,0
BRDA:290,11,0,0
BRDA:290,11,1,0
BRDA:320,12,0,0
BRDA:320,12,1,0
BRDA:328,13,0,0
BRDA:328,13,1,0
BRDA:329,14,0,0
BRDA:329,14,1,0
BRDA:331,15,0,0
BRDA:331,15,1,0
BRDA:342,16,0,0
BRDA:342,16,1,0
BRDA:344,17,0,0
BRDA:344,17,1,0
BRDA:351,18,0,0
BRDA:351,18,1,0
BRDA:351,18,2,0
BRDA:351,18,3,0
BRDA:375,19,0,0
BRDA:375,19,1,4
BRDA:405,20,0,0
BRDA:405,20,1,0
BRDA:406,21,0,0
BRDA:406,21,1,0
BRDA:459,22,0,0
BRDA:459,22,1,0
BRDA:473,23,0,0
BRDA:473,23,1,0
BRDA:492,24,0,0
BRDA:492,24,1,0
BRDA:506,25,0,0
BRDA:506,25,1,0
BRDA:509,26,0,0
BRDA:509,26,1,0
BRDA:511,27,0,0
BRDA:511,27,1,0
BRDA:514,28,0,0
BRDA:514,28,1,0
BRDA:518,29,0,0
BRDA:518,29,1,0
BRDA:523,30,0,0
BRDA:523,30,1,0
BRDA:531,31,0,0
BRDA:531,31,1,0
BRDA:551,32,0,0
BRDA:551,32,1,0
BRDA:565,33,0,4
BRDA:565,33,1,0
BRDA:579,34,0,0
BRDA:579,34,1,0
BRDA:586,35,0,0
BRDA:586,35,1,0
BRDA:597,36,0,4
BRDA:597,36,1,0
BRF:76
BRH:3
end_of_record
TN:
SF:assets/js/command-palette.js
FN:8,(anonymous_0)
FN:30,renderCommandResults
FN:43,(anonymous_2)
FN:52,(anonymous_3)
FN:68,(anonymous_4)
FN:77,(anonymous_5)
FN:102,renderSections
FN:107,(anonymous_7)
FN:119,(anonymous_8)
FN:138,(anonymous_9)
FN:161,initCommandPalette
FN:165,(anonymous_11)
FN:171,(anonymous_12)
FN:187,(anonymous_13)
FN:197,(anonymous_14)
FN:205,(anonymous_15)
FN:209,(anonymous_16)
FN:265,(anonymous_17)
FN:275,(anonymous_18)
FN:283,(anonymous_19)
FN:289,(anonymous_20)
FN:292,(anonymous_21)
FN:308,(anonymous_22)
FN:312,(anonymous_23)
FN:323,(anonymous_24)
FN:333,(anonymous_25)
FN:347,(anonymous_26)
FN:350,(anonymous_27)
FNF:28
FNH:0
FNDA:0,(anonymous_0)
FNDA:0,renderCommandResults
FNDA:0,(anonymous_2)
FNDA:0,(anonymous_3)
FNDA:0,(anonymous_4)
FNDA:0,(anonymous_5)
FNDA:0,renderSections
FNDA:0,(anonymous_7)
FNDA:0,(anonymous_8)
FNDA:0,(anonymous_9)
FNDA:0,initCommandPalette
FNDA:0,(anonymous_11)
FNDA:0,(anonymous_12)
FNDA:0,(anonymous_13)
FNDA:0,(anonymous_14)
FNDA:0,(anonymous_15)
FNDA:0,(anonymous_16)
FNDA:0,(anonymous_17)
FNDA:0,(anonymous_18)
FNDA:0,(anonymous_19)
FNDA:0,(anonymous_20)
FNDA:0,(anonymous_21)
FNDA:0,(anonymous_22)
FNDA:0,(anonymous_23)
FNDA:0,(anonymous_24)
FNDA:0,(anonymous_25)
FNDA:0,(anonymous_26)
FNDA:0,(anonymous_27)
DA:8,0
DA:9,0
DA:10,0
DA:11,0
DA:12,0
DA:13,0
DA:14,0
DA:15,0
DA:16,0
DA:17,0
DA:31,0
DA:32,0
DA:35,0
DA:38,0
DA:41,0
DA:44,0
DA:51,0
DA:52,0
DA:53,0
DA:54,0
DA:56,0
DA:60,0
DA:66,0
DA:69,0
DA:71,0
DA:74,0
DA:78,0
DA:83,0
DA:86,0
DA:87,0
DA:88,0
DA:89,0
DA:90,0
DA:104,0
DA:107,0
DA:108,0
DA:109,0
DA:111,0
DA:112,0
DA:113,0
DA:114,0
DA:116,0
DA:117,0
DA:119,0
DA:120,0
DA:121,0
DA:123,0
DA:129,0
DA:130,0
DA:136,0
DA:138,0
DA:139,0
DA:140,0
DA:142,0
DA:146,0
DA:149,0
DA:150,0
DA:164,0
DA:166,0
DA:167,0
DA:169,0
DA:173,0
DA:176,0
DA:188,0
DA:195,0
DA:196,0
DA:197,0
DA:198,0
DA:203,0
DA:204,0
DA:205,0
DA:206,0
DA:209,0
DA:210,0
DA:211,0
DA:213,0
DA:214,0
DA:217,0
DA:218,0
DA:220,0
DA:223,0
DA:224,0
DA:227,0
DA:228,0
DA:230,0
DA:233,0
DA:235,0
DA:238,0
DA:240,0
DA:241,0
DA:242,0
DA:244,0
DA:245,0
DA:247,0
DA:250,0
DA:253,0
DA:256,0
DA:265,0
DA:266,0
DA:267,0
DA:268,0
DA:273,0
DA:274,0
DA:275,0
DA:276,0
DA:277,0
DA:283,0
DA:285,0
DA:288,0
DA:289,0
DA:290,0
DA:292,0
DA:293,0
DA:297,0
DA:298,0
DA:299,0
DA:303,0
DA:304,0
DA:308,0
DA:309,0
DA:312,0
DA:313,0
DA:319,0
DA:320,0
DA:323,0
DA:324,0
DA:325,0
DA:328,0
DA:329,0
DA:333,0
DA:335,0
DA:336,0
DA:338,0
DA:339,0
DA:343,0
DA:347,0
DA:351,0
DA:352,0
DA:364,0
DA:365,0
LF:140
LH:0
BRDA:10,0,0,0
BRDA:10,0,1,0
BRDA:13,1,0,0
BRDA:13,1,1,0
BRDA:16,2,0,0
BRDA:16,2,1,0
BRDA:32,3,0,0
BRDA:32,3,1,0
BRDA:38,4,0,0
BRDA:38,4,1,0
BRDA:41,5,0,0
BRDA:41,5,1,0
BRDA:44,6,0,0
BRDA:44,6,1,0
BRDA:44,6,2,0
BRDA:53,7,0,0
BRDA:53,7,1,0
BRDA:60,8,0,0
BRDA:60,8,1,0
BRDA:61,9,0,0
BRDA:61,9,1,0
BRDA:61,9,2,0
BRDA:69,10,0,0
BRDA:69,10,1,0
BRDA:69,11,0,0
BRDA:69,11,1,0
BRDA:86,12,0,0
BRDA:86,12,1,0
BRDA:124,13,0,0
BRDA:124,13,1,0
BRDA:129,14,0,0
BRDA:129,14,1,0
BRDA:133,15,0,0
BRDA:133,15,1,0
BRDA:139,16,0,0
BRDA:139,16,1,0
BRDA:166,17,0,0
BRDA:166,17,1,0
BRDA:196,18,0,0
BRDA:196,18,1,0
BRDA:204,19,0,0
BRDA:204,19,1,0
BRDA:210,20,0,0
BRDA:210,20,1,0
BRDA:213,21,0,0
BRDA:213,21,1,0
BRDA:217,22,0,0
BRDA:217,22,1,0
BRDA:223,23,0,0
BRDA:223,23,1,0
BRDA:227,24,0,0
BRDA:227,24,1,0
BRDA:227,25,0,0
BRDA:227,25,1,0
BRDA:233,26,0,0
BRDA:233,26,1,0
BRDA:240,27,0,0
BRDA:240,27,1,0
BRDA:244,28,0,0
BRDA:244,28,1,0
BRDA:250,29,0,0
BRDA:250,29,1,0
BRDA:266,30,0,0
BRDA:266,30,1,0
BRDA:266,31,0,0
BRDA:266,31,1,0
BRDA:266,31,2,0
BRDA:274,32,0,0
BRDA:274,32,1,0
BRDA:290,33,0,0
BRDA:290,33,1,0
BRDA:293,34,0,0
BRDA:293,34,1,0
BRDA:298,35,0,0
BRDA:298,35,1,0
BRDA:299,36,0,0
BRDA:299,36,1,0
BRDA:304,37,0,0
BRDA:304,37,1,0
BRDA:324,38,0,0
BRDA:324,38,1,0
BRDA:335,39,0,0
BRDA:335,39,1,0
BRDA:336,40,0,0
BRDA:336,40,1,0
BRDA:338,41,0,0
BRDA:338,41,1,0
BRDA:349,42,0,0
BRDA:349,42,1,0
BRDA:351,43,0,0
BRDA:351,43,1,0
BRDA:358,44,0,0
BRDA:358,44,1,0
BRDA:358,44,2,0
BRDA:358,44,3,0
BRF:95
BRH:0
end_of_record
TN:
SF:assets/js/main.js
FN:5,(anonymous_0)
FN:12,(anonymous_1)
FN:21,(anonymous_2)
FN:45,(anonymous_3)
FN:63,(anonymous_4)
FN:79,(anonymous_5)
FN:110,(anonymous_6)
FN:132,(anonymous_7)
FN:157,(anonymous_8)
FN:184,(anonymous_9)
FN:186,(anonymous_10)
FN:202,(anonymous_11)
FN:205,(anonymous_12)
FN:227,(anonymous_13)
FN:228,(anonymous_14)
FN:235,(anonymous_15)
FN:236,(anonymous_16)
FN:274,(anonymous_17)
FN:284,(anonymous_18)
FN:292,(anonymous_19)
FN:298,(anonymous_20)
FN:299,(anonymous_21)
FN:306,(anonymous_22)
FN:307,(anonymous_23)
FN:323,(anonymous_24)
FN:332,(anonymous_25)
FN:337,(anonymous_26)
FN:341,(anonymous_27)
FN:349,(anonymous_28)
FN:350,(anonymous_29)
FN:366,(anonymous_30)
FN:380,(anonymous_31)
FN:394,(anonymous_32)
FN:400,(anonymous_33)
FN:406,(anonymous_34)
FN:412,(anonymous_35)
FN:428,(anonymous_36)
FNF:37
FNH:0
FNDA:0,(anonymous_0)
FNDA:0,(anonymous_1)
FNDA:0,(anonymous_2)
FNDA:0,(anonymous_3)
FNDA:0,(anonymous_4)
FNDA:0,(anonymous_5)
FNDA:0,(anonymous_6)
FNDA:0,(anonymous_7)
FNDA:0,(anonymous_8)
FNDA:0,(anonymous_9)
FNDA:0,(anonymous_10)
FNDA:0,(anonymous_11)
FNDA:0,(anonymous_12)
FNDA:0,(anonymous_13)
FNDA:0,(anonymous_14)
FNDA:0,(anonymous_15)
FNDA:0,(anonymous_16)
FNDA:0,(anonymous_17)
FNDA:0,(anonymous_18)
FNDA:0,(anonymous_19)
FNDA:0,(anonymous_20)
FNDA:0,(anonymous_21)
FNDA:0,(anonymous_22)
FNDA:0,(anonymous_23)
FNDA:0,(anonymous_24)
FNDA:0,(anonymous_25)
FNDA:0,(anonymous_26)
FNDA:0,(anonymous_27)
FNDA:0,(anonymous_28)
FNDA:0,(anonymous_29)
FNDA:0,(anonymous_30)
FNDA:0,(anonymous_31)
FNDA:0,(anonymous_32)
FNDA:0,(anonymous_33)
FNDA:0,(anonymous_34)
FNDA:0,(anonymous_35)
FNDA:0,(anonymous_36)
DA:5,0
DA:10,0
DA:11,0
DA:12,0
DA:13,0
DA:14,0
DA:15,0
DA:21,0
DA:23,0
DA:27,0
DA:28,0
DA:29,0
DA:30,0
DA:31,0
DA:33,0
DA:34,0
DA:35,0
DA:38,0
DA:45,0
DA:47,0
DA:51,0
DA:52,0
DA:53,0
DA:54,0
DA:55,0
DA:57,0
DA:58,0
DA:59,0
DA:62,0
DA:63,0
DA:64,0
DA:65,0
DA:69,0
DA:70,0
DA:71,0
DA:72,0
DA:74,0
DA:75,0
DA:76,0
DA:79,0
DA:81,0
DA:87,0
DA:88,0
DA:92,0
DA:93,0
DA:96,0
DA:104,0
DA:106,0
DA:110,0
DA:112,0
DA:116,0
DA:117,0
DA:118,0
DA:119,0
DA:124,0
DA:127,0
DA:128,0
DA:131,0
DA:132,0
DA:134,0
DA:135,0
DA:136,0
DA:138,0
DA:142,0
DA:145,0
DA:148,0
DA:150,0
DA:153,0
DA:154,0
DA:157,0
DA:158,0
DA:159,0
DA:160,0
DA:163,0
DA:164,0
DA:166,0
DA:168,0
DA:175,0
DA:176,0
DA:180,0
DA:183,0
DA:184,0
DA:185,0
DA:186,0
DA:187,0
DA:188,0
DA:193,0
DA:194,0
DA:198,0
DA:199,0
DA:200,0
DA:202,0
DA:205,0
DA:207,0
DA:212,0
DA:216,0
DA:217,0
DA:219,0
DA:221,0
DA:226,0
DA:227,0
DA:228,0
DA:229,0
DA:234,0
DA:235,0
DA:236,0
DA:237,0
DA:241,0
DA:244,0
DA:247,0
DA:249,0
DA:252,0
DA:253,0
DA:264,0
DA:268,0
DA:269,0
DA:270,0
DA:271,0
DA:274,0
DA:275,0
DA:277,0
DA:278,0
DA:283,0
DA:284,0
DA:285,0
DA:286,0
DA:287,0
DA:291,0
DA:292,0
DA:293,0
DA:294,0
DA:298,0
DA:299,0
DA:300,0
DA:306,0
DA:307,0
DA:308,0
DA:309,0
DA:310,0
DA:311,0
DA:320,0
DA:322,0
DA:323,0
DA:324,0
DA:325,0
DA:327,0
DA:332,0
DA:333,0
DA:337,0
DA:338,0
DA:339,0
DA:341,0
DA:342,0
DA:348,0
DA:349,0
DA:350,0
DA:351,0
DA:352,0
DA:353,0
DA:354,0
DA:355,0
DA:356,0
DA:358,0
DA:359,0
DA:360,0
DA:361,0
DA:362,0
DA:363,0
DA:364,0
DA:366,0
DA:367,0
DA:368,0
DA:369,0
DA:372,0
DA:374,0
DA:380,0
DA:383,0
DA:386,0
DA:387,0
DA:394,0
DA:396,0
DA:398,0
DA:401,0
DA:402,0
DA:403,0
DA:404,0
DA:406,0
DA:407,0
DA:408,0
DA:409,0
DA:413,0
DA:415,0
DA:416,0
DA:417,0
DA:418,0
DA:419,0
DA:420,0
DA:421,0
DA:422,0
DA:423,0
DA:424,0
DA:425,0
DA:426,0
DA:428,0
DA:429,0
DA:430,0
DA:431,0
DA:434,0
DA:436,0
LF:209
LH:0
BRDA:11,0,0,0
BRDA:11,0,1,0
BRDA:23,1,0,0
BRDA:23,1,1,0
BRDA:24,2,0,0
BRDA:24,2,1,0
BRDA:31,3,0,0
BRDA:31,3,1,0
BRDA:47,4,0,0
BRDA:47,4,1,0
BRDA:48,5,0,0
BRDA:48,5,1,0
BRDA:55,6,0,0
BRDA:55,6,1,0
BRDA:81,7,0,0
BRDA:81,7,1,0
BRDA:82,8,0,0
BRDA:82,8,1,0
BRDA:82,8,2,0
BRDA:82,8,3,0
BRDA:92,9,0,0
BRDA:92,9,1,0
BRDA:112,10,0,0
BRDA:112,10,1,0
BRDA:113,11,0,0
BRDA:113,11,1,0
BRDA:118,12,0,0
BRDA:118,12,1,0
BRDA:135,13,0,0
BRDA:135,13,1,0
BRDA:138,14,0,0
BRDA:138,14,1,0
BRDA:148,15,0,0
BRDA:148,15,1,0
BRDA:166,16,0,0
BRDA:166,16,1,0
BRDA:168,17,0,0
BRDA:168,17,1,0
BRDA:169,18,0,0
BRDA:169,18,1,0
BRDA:169,18,2,0
BRDA:169,18,3,0
BRDA:183,19,0,0
BRDA:183,19,1,0
BRDA:207,20,0,0
BRDA:207,20,1,0
BRDA:208,21,0,0
BRDA:208,21,1,0
BRDA:208,21,2,0
BRDA:217,22,0,0
BRDA:217,22,1,0
BRDA:252,23,0,0
BRDA:252,23,1,0
BRDA:275,24,0,0
BRDA:275,24,1,0
BRDA:275,25,0,0
BRDA:275,25,1,0
BRDA:277,26,0,0
BRDA:277,26,1,0
BRDA:277,27,0,0
BRDA:277,27,1,0
BRDA:283,28,0,0
BRDA:283,28,1,0
BRDA:291,29,0,0
BRDA:291,29,1,0
BRDA:310,30,0,0
BRDA:310,30,1,0
BRDA:322,31,0,0
BRDA:322,31,1,0
BRDA:324,32,0,0
BRDA:324,32,1,0
BRDA:338,33,0,0
BRDA:338,33,1,0
BRDA:383,34,0,0
BRDA:383,34,1,0
BRDA:386,35,0,0
BRDA:386,35,1,0
BRDA:386,36,0,0
BRDA:386,36,1,0
BRDA:396,37,0,0
BRDA:396,37,1,0
BRF:81
BRH:0
end_of_record
TN:
SF:assets/js/platform-utils.js
FN:8,isMacPlatform
FN:17,updatePlatformSpecificElements
FN:21,(anonymous_2)
FN:25,(anonymous_3)
FNF:4
FNH:4
FNDA:24,isMacPlatform
FNDA:17,updatePlatformSpecificElements
FNDA:17,(anonymous_2)
FNDA:17,(anonymous_3)
DA:9,24
DA:18,17
DA:21,17
DA:22,17
DA:25,17
DA:26,17
DA:31,12
DA:34,12
DA:35,12
LF:9
LH:9
BRDA:22,0,0,8
BRDA:22,0,1,9
BRDA:26,1,0,8
BRDA:26,1,1,9
BRF:4
BRH:4
end_of_record
TN:
SF:assets/js/shortcut-key.js
FN:1,(anonymous_0)
FN:9,(anonymous_1)
FN:13,(anonymous_2)
FNF:3
FNH:3
FNDA:14,(anonymous_0)
FNDA:15,(anonymous_1)
FNDA:15,(anonymous_2)
DA:1,5
DA:3,14
DA:6,14
DA:7,14
DA:9,14
DA:10,15
DA:13,14
DA:14,15
LF:8
LH:8
BRDA:10,0,0,2
BRDA:10,0,1,13
BRDA:14,1,0,2
BRDA:14,1,1,13
BRF:4
BRH:4
end_of_record
TN:
SF:assets/js/teaching.js
FN:7,createFeedbackMessage
FN:22,(anonymous_1)
FN:35,sortCoursesByDate
FN:138,(anonymous_3)
FN:159,(anonymous_4)
FN:187,(anonymous_5)
FNF:6
FNH:0
FNDA:0,createFeedbackMessage
FNDA:0,(anonymous_1)
FNDA:0,sortCoursesByDate
FNDA:0,(anonymous_3)
FNDA:0,(anonymous_4)
FNDA:0,(anonymous_5)
DA:8,0
DA:9,0
DA:10,0
DA:13,0
DA:14,0
DA:15,0
DA:16,0
DA:17,0
DA:18,0
DA:19,0
DA:22,0
DA:23,0
DA:24,0
DA:28,0
DA:37,0
DA:38,0
DA:39,0
DA:43,0
DA:48,0
DA:49,0
DA:50,0
DA:55,0
DA:58,0
DA:59,0
DA:60,0
DA:63,0
DA:66,0
DA:67,0
DA:68,0
DA:72,0
DA:75,0
DA:76,0
DA:79,0
DA:80,0
DA:81,0
DA:86,0
DA:87,0
DA:88,0
DA:92,0
DA:93,0
DA:95,0
DA:99,0
DA:103,0
DA:104,0
DA:105,0
DA:108,0
DA:113,0
DA:114,0
DA:115,0
DA:120,0
DA:123,0
DA:124,0
DA:125,0
DA:130,0
DA:134,0
DA:138,0
DA:139,0
DA:156,0
DA:159,0
DA:161,0
DA:162,0
DA:164,0
DA:165,0
DA:168,0
DA:169,0
DA:172,0
DA:173,0
DA:178,0
DA:180,0
DA:183,0
DA:187,0
DA:188,0
DA:192,0
DA:198,0
DA:199,0
DA:200,0
DA:204,0
DA:207,0
DA:208,0
DA:209,0
DA:210,0
DA:213,0
DA:217,3
LF:83
LH:1
BRDA:7,0,0,0
BRDA:23,1,0,0
BRDA:23,1,1,0
BRDA:38,2,0,0
BRDA:38,2,1,0
BRDA:49,3,0,0
BRDA:49,3,1,0
BRDA:58,4,0,0
BRDA:58,4,1,0
BRDA:66,5,0,0
BRDA:66,5,1,0
BRDA:75,6,0,0
BRDA:75,6,1,0
BRDA:80,7,0,0
BRDA:80,7,1,0
BRDA:87,8,0,0
BRDA:87,8,1,0
BRDA:92,9,0,0
BRDA:92,9,1,0
BRDA:103,10,0,0
BRDA:103,10,1,0
BRDA:114,11,0,0
BRDA:114,11,1,0
BRDA:120,12,0,0
BRDA:120,12,1,0
BRDA:123,13,0,0
BRDA:123,13,1,0
BRDA:124,14,0,0
BRDA:124,14,1,0
BRDA:140,15,0,0
BRDA:140,15,1,0
BRDA:140,15,2,0
BRDA:140,15,3,0
BRDA:140,15,4,0
BRDA:140,15,5,0
BRDA:172,16,0,0
BRDA:172,16,1,0
BRDA:172,17,0,0
BRDA:172,17,1,0
BRDA:178,18,0,0
BRDA:178,18,1,0
BRDA:180,19,0,0
BRDA:180,19,1,0
BRDA:199,20,0,0
BRDA:199,20,1,0
BRDA:207,21,0,0
BRDA:207,21,1,0
BRDA:207,22,0,0
BRDA:207,22,1,0
BRDA:209,23,0,0
BRDA:209,23,1,0
BRDA:209,24,0,0
BRDA:209,24,1,0
BRF:53
BRH:0
end_of_record
TN:
SF:scripts/fix-line-length.js
FN:19,readFile
FN:36,fixLongLines
FN:88,breakObjectDefinition
FN:122,breakUrlLine
FN:142,breakStyleLine
FN:174,breakStringConcatenation
FN:193,processJsFiles
FN:195,(anonymous_7)
FN:196,(anonymous_8)
FN:201,(anonymous_9)
FN:206,(anonymous_10)
FNF:11
FNH:8
FNDA:9,readFile
FNDA:1,fixLongLines
FNDA:1,breakObjectDefinition
FNDA:0,breakUrlLine
FNDA:0,breakStyleLine
FNDA:0,breakStringConcatenation
FNDA:7,processJsFiles
FNDA:13,(anonymous_7)
FNDA:9,(anonymous_8)
FNDA:9,(anonymous_9)
FNDA:9,(anonymous_10)
DA:6,7
DA:7,7
DA:10,7
DA:11,7
DA:20,9
DA:21,9
DA:23,1
DA:24,1
DA:37,1
DA:38,1
DA:40,1
DA:42,1
DA:44,0
DA:45,0
DA:49,1
DA:51,1
DA:53,1
DA:54,1
DA:55,0
DA:58,0
DA:59,0
DA:60,0
DA:62,0
DA:63,0
DA:64,0
DA:66,0
DA:67,0
DA:70,0
DA:73,0
DA:77,1
DA:90,1
DA:91,1
DA:94,1
DA:96,1
DA:97,0
DA:101,1
DA:104,1
DA:105,3
DA:109,1
DA:111,1
DA:123,0
DA:124,0
DA:127,0
DA:128,0
DA:130,0
DA:143,0
DA:144,0
DA:147,0
DA:149,0
DA:150,0
DA:153,0
DA:154,0
DA:155,0
DA:159,0
DA:160,0
DA:163,0
DA:175,0
DA:176,0
DA:179,0
DA:180,0
DA:182,0
DA:194,7
DA:195,13
DA:196,9
DA:198,7
DA:199,7
DA:201,7
DA:202,9
DA:203,9
DA:206,9
DA:207,9
DA:209,9
DA:210,1
DA:212,1
DA:214,1
DA:215,1
DA:216,1
DA:217,1
DA:219,0
DA:225,7
DA:226,7
DA:227,7
DA:231,7
LF:83
LH:47
BRDA:42,0,0,0
BRDA:42,0,1,1
BRDA:42,1,0,1
BRDA:42,1,1,1
BRDA:42,1,2,1
BRDA:49,2,0,1
BRDA:49,2,1,0
BRDA:51,3,0,1
BRDA:51,3,1,0
BRDA:51,4,0,1
BRDA:51,4,1,1
BRDA:55,5,0,0
BRDA:55,5,1,0
BRDA:55,6,0,0
BRDA:55,6,1,0
BRDA:60,7,0,0
BRDA:60,7,1,0
BRDA:64,8,0,0
BRDA:64,8,1,0
BRDA:96,9,0,0
BRDA:96,9,1,1
BRDA:128,10,0,0
BRDA:128,10,1,0
BRDA:149,11,0,0
BRDA:149,11,1,0
BRDA:159,12,0,0
BRDA:159,12,1,0
BRDA:180,13,0,0
BRDA:180,13,1,0
BRDA:209,14,0,1
BRDA:209,14,1,8
BRDA:214,15,0,1
BRDA:214,15,1,0
BRF:33
BRH:12
end_of_record
